18/11/25 04:03:30 INFO client.RMProxy: Connecting to ResourceManager at master/172.16.1.1:8032
18/11/25 04:03:31 INFO input.FileInputFormat: Total input paths to process : 1
18/11/25 04:03:31 INFO mapreduce.JobSubmitter: number of splits:8
18/11/25 04:03:31 INFO mapreduce.JobSubmitter: Submitting tokens for job: job_1543099092534_0018
18/11/25 04:03:31 INFO impl.YarnClientImpl: Submitted application application_1543099092534_0018
18/11/25 04:03:31 INFO mapreduce.Job: The url to track the job: http://master:8088/proxy/application_1543099092534_0018/
18/11/25 04:03:31 INFO mapreduce.Job: Running job: job_1543099092534_0018
18/11/25 04:03:38 INFO mapreduce.Job: Job job_1543099092534_0018 running in uber mode : false
18/11/25 04:03:38 INFO mapreduce.Job:  map 0% reduce 0%
18/11/25 04:03:55 INFO mapreduce.Job:  map 1% reduce 0%
18/11/25 04:03:58 INFO mapreduce.Job:  map 2% reduce 0%
18/11/25 04:04:01 INFO mapreduce.Job:  map 4% reduce 0%
18/11/25 04:04:04 INFO mapreduce.Job:  map 5% reduce 0%
18/11/25 04:04:05 INFO mapreduce.Job:  map 6% reduce 0%
18/11/25 04:04:08 INFO mapreduce.Job:  map 7% reduce 0%
18/11/25 04:04:10 INFO mapreduce.Job:  map 8% reduce 0%
18/11/25 04:04:14 INFO mapreduce.Job:  map 9% reduce 0%
18/11/25 04:04:17 INFO mapreduce.Job:  map 10% reduce 0%
18/11/25 04:04:20 INFO mapreduce.Job:  map 11% reduce 0%
18/11/25 04:04:21 INFO mapreduce.Job:  map 12% reduce 0%
18/11/25 04:04:23 INFO mapreduce.Job:  map 13% reduce 0%
18/11/25 04:04:26 INFO mapreduce.Job:  map 14% reduce 0%
18/11/25 04:04:27 INFO mapreduce.Job:  map 15% reduce 0%
18/11/25 04:04:29 INFO mapreduce.Job:  map 16% reduce 0%
18/11/25 04:04:38 INFO mapreduce.Job:  map 17% reduce 0%
18/11/25 04:04:41 INFO mapreduce.Job:  map 18% reduce 0%
18/11/25 04:04:44 INFO mapreduce.Job:  map 19% reduce 0%
18/11/25 04:04:47 INFO mapreduce.Job:  map 21% reduce 0%
18/11/25 04:04:50 INFO mapreduce.Job:  map 22% reduce 0%
18/11/25 04:04:53 INFO mapreduce.Job:  map 23% reduce 0%
18/11/25 04:04:56 INFO mapreduce.Job:  map 24% reduce 0%
18/11/25 04:04:58 INFO mapreduce.Job:  map 25% reduce 0%
18/11/25 04:05:00 INFO mapreduce.Job:  map 26% reduce 0%
18/11/25 04:05:01 INFO mapreduce.Job:  map 27% reduce 0%
18/11/25 04:05:03 INFO mapreduce.Job:  map 28% reduce 0%
18/11/25 04:05:04 INFO mapreduce.Job:  map 29% reduce 0%
18/11/25 04:05:06 INFO mapreduce.Job:  map 30% reduce 0%
18/11/25 04:05:09 INFO mapreduce.Job:  map 31% reduce 0%
18/11/25 04:05:18 INFO mapreduce.Job:  map 35% reduce 0%
18/11/25 04:05:19 INFO mapreduce.Job:  map 36% reduce 0%
18/11/25 04:05:21 INFO mapreduce.Job:  map 37% reduce 0%
18/11/25 04:05:24 INFO mapreduce.Job:  map 38% reduce 0%
18/11/25 04:05:27 INFO mapreduce.Job:  map 39% reduce 0%
18/11/25 04:05:30 INFO mapreduce.Job:  map 40% reduce 0%
18/11/25 04:05:31 INFO mapreduce.Job:  map 40% reduce 1%
18/11/25 04:05:33 INFO mapreduce.Job:  map 41% reduce 2%
18/11/25 04:05:37 INFO mapreduce.Job:  map 42% reduce 2%
18/11/25 04:05:38 INFO mapreduce.Job:  map 42% reduce 3%
18/11/25 04:05:40 INFO mapreduce.Job:  map 43% reduce 4%
18/11/25 04:05:42 INFO mapreduce.Job:  map 44% reduce 4%
18/11/25 04:05:46 INFO mapreduce.Job:  map 45% reduce 4%
18/11/25 04:05:58 INFO mapreduce.Job:  map 46% reduce 4%
18/11/25 04:06:02 INFO mapreduce.Job:  map 47% reduce 4%
18/11/25 04:06:04 INFO mapreduce.Job:  map 48% reduce 4%
18/11/25 04:06:05 INFO mapreduce.Job:  map 49% reduce 4%
18/11/25 04:06:07 INFO mapreduce.Job:  map 50% reduce 4%
18/11/25 04:06:08 INFO mapreduce.Job:  map 51% reduce 4%
18/11/25 04:06:10 INFO mapreduce.Job:  map 52% reduce 4%
18/11/25 04:06:13 INFO mapreduce.Job:  map 53% reduce 4%
18/11/25 04:06:14 INFO mapreduce.Job:  map 54% reduce 4%
18/11/25 04:06:15 INFO mapreduce.Job:  map 55% reduce 4%
18/11/25 04:06:18 INFO mapreduce.Job:  map 56% reduce 4%
18/11/25 04:06:21 INFO mapreduce.Job:  map 57% reduce 4%
18/11/25 04:06:31 INFO mapreduce.Job:  map 59% reduce 4%
18/11/25 04:06:32 INFO mapreduce.Job:  map 62% reduce 4%
18/11/25 04:06:33 INFO mapreduce.Job:  map 62% reduce 5%
18/11/25 04:06:34 INFO mapreduce.Job:  map 62% reduce 7%
18/11/25 04:06:36 INFO mapreduce.Job:  map 63% reduce 8%
18/11/25 04:06:38 INFO mapreduce.Job:  map 64% reduce 8%
18/11/25 04:06:41 INFO mapreduce.Job:  map 65% reduce 8%
18/11/25 04:06:44 INFO mapreduce.Job:  map 70% reduce 9%
18/11/25 04:06:46 INFO mapreduce.Job:  map 70% reduce 11%
18/11/25 04:06:47 INFO mapreduce.Job:  map 74% reduce 13%
18/11/25 04:06:48 INFO mapreduce.Job:  map 74% reduce 14%
18/11/25 04:06:49 INFO mapreduce.Job:  map 74% reduce 16%
18/11/25 04:06:50 INFO mapreduce.Job:  map 74% reduce 17%
18/11/25 04:06:57 INFO mapreduce.Job:  map 75% reduce 17%
18/11/25 04:07:00 INFO mapreduce.Job:  map 76% reduce 17%
18/11/25 04:07:03 INFO mapreduce.Job:  map 77% reduce 17%
18/11/25 04:07:07 INFO mapreduce.Job:  map 78% reduce 17%
18/11/25 04:07:15 INFO mapreduce.Job:  map 79% reduce 17%
18/11/25 04:07:18 INFO mapreduce.Job:  map 80% reduce 17%
18/11/25 04:07:21 INFO mapreduce.Job:  map 84% reduce 17%
18/11/25 04:07:22 INFO mapreduce.Job:  map 84% reduce 19%
18/11/25 04:07:24 INFO mapreduce.Job:  map 85% reduce 21%
18/11/25 04:07:27 INFO mapreduce.Job:  map 86% reduce 21%
18/11/25 04:07:30 INFO mapreduce.Job:  map 87% reduce 21%
18/11/25 04:07:39 INFO mapreduce.Job:  map 88% reduce 21%
18/11/25 04:07:41 INFO mapreduce.Job:  map 92% reduce 21%
18/11/25 04:07:42 INFO mapreduce.Job:  map 92% reduce 22%
18/11/25 04:07:43 INFO mapreduce.Job:  map 96% reduce 24%
18/11/25 04:07:44 INFO mapreduce.Job:  map 98% reduce 26%
18/11/25 04:07:45 INFO mapreduce.Job:  map 100% reduce 27%
18/11/25 04:07:46 INFO mapreduce.Job:  map 100% reduce 48%
18/11/25 04:07:47 INFO mapreduce.Job:  map 100% reduce 81%
18/11/25 04:07:48 INFO mapreduce.Job:  map 100% reduce 100%
18/11/25 04:07:48 INFO mapreduce.Job: Job job_1543099092534_0018 completed successfully
18/11/25 04:07:48 INFO mapreduce.Job: Counters: 50
	File System Counters
		FILE: Number of bytes read=43733761
		FILE: Number of bytes written=49970932
		FILE: Number of read operations=0
		FILE: Number of large read operations=0
		FILE: Number of write operations=0
		HDFS: Number of bytes read=1016886912
		HDFS: Number of bytes written=659911
		HDFS: Number of read operations=36
		HDFS: Number of large read operations=0
		HDFS: Number of write operations=8
	Job Counters 
		Killed map tasks=6
		Launched map tasks=14
		Launched reduce tasks=4
		Data-local map tasks=14
		Total time spent by all maps in occupied slots (ms)=2072688
		Total time spent by all reduces in occupied slots (ms)=585817
		Total time spent by all map tasks (ms)=2072688
		Total time spent by all reduce tasks (ms)=585817
		Total vcore-seconds taken by all map tasks=2072688
		Total vcore-seconds taken by all reduce tasks=585817
		Total megabyte-seconds taken by all map tasks=2122432512
		Total megabyte-seconds taken by all reduce tasks=599876608
	Map-Reduce Framework
		Map input records=19189056
		Map output records=182835968
		Map output bytes=1653898368
		Map output materialized bytes=5312272
		Input split bytes=832
		Combine input records=185463757
		Combine output records=2995077
		Reduce input groups=45911
		Reduce shuffle bytes=5312272
		Reduce input records=367288
		Reduce output records=45911
		Spilled Records=3362365
		Shuffled Maps =32
		Failed Shuffles=0
		Merged Map outputs=32
		GC time elapsed (ms)=6939
		CPU time spent (ms)=371230
		Physical memory (bytes) snapshot=2158755840
		Virtual memory (bytes) snapshot=24958713856
		Total committed heap usage (bytes)=1423998976
	Shuffle Errors
		BAD_ID=0
		CONNECTION=0
		IO_ERROR=0
		WRONG_LENGTH=0
		WRONG_MAP=0
		WRONG_REDUCE=0
	File Input Format Counters 
		Bytes Read=1016886080
	File Output Format Counters 
		Bytes Written=659911
18/11/25 04:07:48 INFO client.RMProxy: Connecting to ResourceManager at master/172.16.1.1:8032
18/11/25 04:07:49 INFO input.FileInputFormat: Total input paths to process : 4
18/11/25 04:07:49 INFO mapreduce.JobSubmitter: number of splits:4
18/11/25 04:07:49 INFO mapreduce.JobSubmitter: Submitting tokens for job: job_1543099092534_0019
18/11/25 04:07:49 INFO impl.YarnClientImpl: Submitted application application_1543099092534_0019
18/11/25 04:07:49 INFO mapreduce.Job: The url to track the job: http://master:8088/proxy/application_1543099092534_0019/
18/11/25 04:07:49 INFO mapreduce.Job: Running job: job_1543099092534_0019
18/11/25 04:08:00 INFO mapreduce.Job: Job job_1543099092534_0019 running in uber mode : false
18/11/25 04:08:00 INFO mapreduce.Job:  map 0% reduce 0%
18/11/25 04:08:06 INFO mapreduce.Job:  map 25% reduce 0%
18/11/25 04:08:15 INFO mapreduce.Job:  map 100% reduce 0%
18/11/25 04:08:16 INFO mapreduce.Job:  map 100% reduce 25%
18/11/25 04:08:17 INFO mapreduce.Job:  map 100% reduce 50%
18/11/25 04:08:20 INFO mapreduce.Job:  map 100% reduce 75%
18/11/25 04:08:21 INFO mapreduce.Job:  map 100% reduce 100%
18/11/25 04:08:21 INFO mapreduce.Job: Job job_1543099092534_0019 completed successfully
18/11/25 04:08:21 INFO mapreduce.Job: Counters: 49
	File System Counters
		FILE: Number of bytes read=709945
		FILE: Number of bytes written=2346502
		FILE: Number of read operations=0
		FILE: Number of large read operations=0
		FILE: Number of write operations=0
		HDFS: Number of bytes read=660399
		HDFS: Number of bytes written=705822
		HDFS: Number of read operations=24
		HDFS: Number of large read operations=0
		HDFS: Number of write operations=8
	Job Counters 
		Launched map tasks=4
		Launched reduce tasks=4
		Data-local map tasks=4
		Total time spent by all maps in occupied slots (ms)=43985
		Total time spent by all reduces in occupied slots (ms)=36785
		Total time spent by all map tasks (ms)=43985
		Total time spent by all reduce tasks (ms)=36785
		Total vcore-seconds taken by all map tasks=43985
		Total vcore-seconds taken by all reduce tasks=36785
		Total megabyte-seconds taken by all map tasks=45040640
		Total megabyte-seconds taken by all reduce tasks=37667840
	Map-Reduce Framework
		Map input records=45911
		Map output records=45911
		Map output bytes=618099
		Map output materialized bytes=710017
		Input split bytes=488
		Combine input records=0
		Combine output records=0
		Reduce input groups=949
		Reduce shuffle bytes=710017
		Reduce input records=45911
		Reduce output records=45911
		Spilled Records=91822
		Shuffled Maps =16
		Failed Shuffles=0
		Merged Map outputs=16
		GC time elapsed (ms)=734
		CPU time spent (ms)=4530
		Physical memory (bytes) snapshot=1215561728
		Virtual memory (bytes) snapshot=16625225728
		Total committed heap usage (bytes)=809517056
	Shuffle Errors
		BAD_ID=0
		CONNECTION=0
		IO_ERROR=0
		WRONG_LENGTH=0
		WRONG_MAP=0
		WRONG_REDUCE=0
	File Input Format Counters 
		Bytes Read=659911
	File Output Format Counters 
		Bytes Written=705822
