18/11/25 03:54:10 INFO client.RMProxy: Connecting to ResourceManager at master/172.16.1.1:8032
18/11/25 03:54:11 INFO input.FileInputFormat: Total input paths to process : 1
18/11/25 03:54:11 INFO mapreduce.JobSubmitter: number of splits:8
18/11/25 03:54:11 INFO mapreduce.JobSubmitter: Submitting tokens for job: job_1543099092534_0016
18/11/25 03:54:12 INFO impl.YarnClientImpl: Submitted application application_1543099092534_0016
18/11/25 03:54:12 INFO mapreduce.Job: The url to track the job: http://master:8088/proxy/application_1543099092534_0016/
18/11/25 03:54:12 INFO mapreduce.Job: Running job: job_1543099092534_0016
18/11/25 03:54:18 INFO mapreduce.Job: Job job_1543099092534_0016 running in uber mode : false
18/11/25 03:54:18 INFO mapreduce.Job:  map 0% reduce 0%
18/11/25 03:54:32 INFO mapreduce.Job:  map 1% reduce 0%
18/11/25 03:54:35 INFO mapreduce.Job:  map 2% reduce 0%
18/11/25 03:54:38 INFO mapreduce.Job:  map 3% reduce 0%
18/11/25 03:54:48 INFO mapreduce.Job:  map 4% reduce 0%
18/11/25 03:54:51 INFO mapreduce.Job:  map 5% reduce 0%
18/11/25 03:54:52 INFO mapreduce.Job:  map 6% reduce 0%
18/11/25 03:54:54 INFO mapreduce.Job:  map 7% reduce 0%
18/11/25 03:54:56 INFO mapreduce.Job:  map 8% reduce 0%
18/11/25 03:54:59 INFO mapreduce.Job:  map 9% reduce 0%
18/11/25 03:55:00 INFO mapreduce.Job:  map 10% reduce 0%
18/11/25 03:55:02 INFO mapreduce.Job:  map 11% reduce 0%
18/11/25 03:55:03 INFO mapreduce.Job:  map 12% reduce 0%
18/11/25 03:55:05 INFO mapreduce.Job:  map 13% reduce 0%
18/11/25 03:55:06 INFO mapreduce.Job:  map 14% reduce 0%
18/11/25 03:55:08 INFO mapreduce.Job:  map 15% reduce 0%
18/11/25 03:55:12 INFO mapreduce.Job:  map 16% reduce 0%
18/11/25 03:55:14 INFO mapreduce.Job:  map 17% reduce 0%
18/11/25 03:55:15 INFO mapreduce.Job:  map 18% reduce 0%
18/11/25 03:55:18 INFO mapreduce.Job:  map 19% reduce 0%
18/11/25 03:55:25 INFO mapreduce.Job:  map 20% reduce 0%
18/11/25 03:55:28 INFO mapreduce.Job:  map 21% reduce 0%
18/11/25 03:55:37 INFO mapreduce.Job:  map 22% reduce 0%
18/11/25 03:55:40 INFO mapreduce.Job:  map 23% reduce 0%
18/11/25 03:55:43 INFO mapreduce.Job:  map 24% reduce 0%
18/11/25 03:55:47 INFO mapreduce.Job:  map 25% reduce 0%
18/11/25 03:55:49 INFO mapreduce.Job:  map 26% reduce 0%
18/11/25 03:55:51 INFO mapreduce.Job:  map 27% reduce 0%
18/11/25 03:55:52 INFO mapreduce.Job:  map 28% reduce 0%
18/11/25 03:55:53 INFO mapreduce.Job:  map 29% reduce 0%
18/11/25 03:55:55 INFO mapreduce.Job:  map 30% reduce 0%
18/11/25 03:55:57 INFO mapreduce.Job:  map 31% reduce 0%
18/11/25 03:55:58 INFO mapreduce.Job:  map 32% reduce 0%
18/11/25 03:56:01 INFO mapreduce.Job:  map 34% reduce 0%
18/11/25 03:56:02 INFO mapreduce.Job:  map 41% reduce 0%
18/11/25 03:56:06 INFO mapreduce.Job:  map 42% reduce 0%
18/11/25 03:56:14 INFO mapreduce.Job:  map 42% reduce 4%
18/11/25 03:56:16 INFO mapreduce.Job:  map 42% reduce 8%
18/11/25 03:56:28 INFO mapreduce.Job:  map 43% reduce 8%
18/11/25 03:56:29 INFO mapreduce.Job:  map 44% reduce 8%
18/11/25 03:56:31 INFO mapreduce.Job:  map 45% reduce 8%
18/11/25 03:56:33 INFO mapreduce.Job:  map 46% reduce 8%
18/11/25 03:56:35 INFO mapreduce.Job:  map 47% reduce 8%
18/11/25 03:56:36 INFO mapreduce.Job:  map 48% reduce 8%
18/11/25 03:56:40 INFO mapreduce.Job:  map 49% reduce 8%
18/11/25 03:56:41 INFO mapreduce.Job:  map 50% reduce 8%
18/11/25 03:56:44 INFO mapreduce.Job:  map 51% reduce 8%
18/11/25 03:56:47 INFO mapreduce.Job:  map 53% reduce 8%
18/11/25 03:56:50 INFO mapreduce.Job:  map 54% reduce 8%
18/11/25 03:56:57 INFO mapreduce.Job:  map 55% reduce 8%
18/11/25 03:57:03 INFO mapreduce.Job:  map 56% reduce 8%
18/11/25 03:57:09 INFO mapreduce.Job:  map 57% reduce 8%
18/11/25 03:57:12 INFO mapreduce.Job:  map 58% reduce 8%
18/11/25 03:57:14 INFO mapreduce.Job:  map 59% reduce 8%
18/11/25 03:57:17 INFO mapreduce.Job:  map 60% reduce 8%
18/11/25 03:57:18 INFO mapreduce.Job:  map 61% reduce 8%
18/11/25 03:57:21 INFO mapreduce.Job:  map 62% reduce 8%
18/11/25 03:57:23 INFO mapreduce.Job:  map 63% reduce 8%
18/11/25 03:57:26 INFO mapreduce.Job:  map 64% reduce 8%
18/11/25 03:57:32 INFO mapreduce.Job:  map 69% reduce 8%
18/11/25 03:57:34 INFO mapreduce.Job:  map 69% reduce 10%
18/11/25 03:57:35 INFO mapreduce.Job:  map 69% reduce 13%
18/11/25 03:57:39 INFO mapreduce.Job:  map 71% reduce 13%
18/11/25 03:57:40 INFO mapreduce.Job:  map 73% reduce 13%
18/11/25 03:57:41 INFO mapreduce.Job:  map 73% reduce 15%
18/11/25 03:57:44 INFO mapreduce.Job:  map 73% reduce 17%
18/11/25 03:57:48 INFO mapreduce.Job:  map 74% reduce 17%
18/11/25 03:57:49 INFO mapreduce.Job:  map 78% reduce 17%
18/11/25 03:57:50 INFO mapreduce.Job:  map 79% reduce 17%
18/11/25 03:57:51 INFO mapreduce.Job:  map 79% reduce 19%
18/11/25 03:57:53 INFO mapreduce.Job:  map 80% reduce 21%
18/11/25 03:57:58 INFO mapreduce.Job:  map 81% reduce 21%
18/11/25 03:58:03 INFO mapreduce.Job:  map 82% reduce 21%
18/11/25 03:58:05 INFO mapreduce.Job:  map 83% reduce 21%
18/11/25 03:58:09 INFO mapreduce.Job:  map 84% reduce 21%
18/11/25 03:58:10 INFO mapreduce.Job:  map 85% reduce 21%
18/11/25 03:58:13 INFO mapreduce.Job:  map 89% reduce 23%
18/11/25 03:58:14 INFO mapreduce.Job:  map 90% reduce 23%
18/11/25 03:58:15 INFO mapreduce.Job:  map 90% reduce 25%
18/11/25 03:58:17 INFO mapreduce.Job:  map 91% reduce 25%
18/11/25 03:58:23 INFO mapreduce.Job:  map 92% reduce 25%
18/11/25 03:58:24 INFO mapreduce.Job:  map 95% reduce 25%
18/11/25 03:58:25 INFO mapreduce.Job:  map 96% reduce 27%
18/11/25 03:58:26 INFO mapreduce.Job:  map 96% reduce 29%
18/11/25 03:58:30 INFO mapreduce.Job:  map 100% reduce 32%
18/11/25 03:58:31 INFO mapreduce.Job:  map 100% reduce 67%
18/11/25 03:58:32 INFO mapreduce.Job:  map 100% reduce 100%
18/11/25 03:58:32 INFO mapreduce.Job: Job job_1543099092534_0016 completed successfully
18/11/25 03:58:32 INFO mapreduce.Job: Counters: 50
	File System Counters
		FILE: Number of bytes read=43306376
		FILE: Number of bytes written=49738144
		FILE: Number of read operations=0
		FILE: Number of large read operations=0
		FILE: Number of write operations=0
		HDFS: Number of bytes read=1016886912
		HDFS: Number of bytes written=659911
		HDFS: Number of read operations=30
		HDFS: Number of large read operations=0
		HDFS: Number of write operations=4
	Job Counters 
		Killed map tasks=6
		Launched map tasks=14
		Launched reduce tasks=2
		Data-local map tasks=14
		Total time spent by all maps in occupied slots (ms)=2002679
		Total time spent by all reduces in occupied slots (ms)=292255
		Total time spent by all map tasks (ms)=2002679
		Total time spent by all reduce tasks (ms)=292255
		Total vcore-seconds taken by all map tasks=2002679
		Total vcore-seconds taken by all reduce tasks=292255
		Total megabyte-seconds taken by all map tasks=2050743296
		Total megabyte-seconds taken by all reduce tasks=299269120
	Map-Reduce Framework
		Map input records=19189056
		Map output records=182835968
		Map output bytes=1653898368
		Map output materialized bytes=5312176
		Input split bytes=832
		Combine input records=185463757
		Combine output records=2995077
		Reduce input groups=45911
		Reduce shuffle bytes=5312176
		Reduce input records=367288
		Reduce output records=45911
		Spilled Records=3362365
		Shuffled Maps =16
		Failed Shuffles=0
		Merged Map outputs=16
		GC time elapsed (ms)=6621
		CPU time spent (ms)=362490
		Physical memory (bytes) snapshot=1943257088
		Virtual memory (bytes) snapshot=20784852992
		Total committed heap usage (bytes)=1326481408
	Shuffle Errors
		BAD_ID=0
		CONNECTION=0
		IO_ERROR=0
		WRONG_LENGTH=0
		WRONG_MAP=0
		WRONG_REDUCE=0
	File Input Format Counters 
		Bytes Read=1016886080
	File Output Format Counters 
		Bytes Written=659911
18/11/25 03:58:32 INFO client.RMProxy: Connecting to ResourceManager at master/172.16.1.1:8032
18/11/25 03:58:32 INFO input.FileInputFormat: Total input paths to process : 2
18/11/25 03:58:32 INFO mapreduce.JobSubmitter: number of splits:2
18/11/25 03:58:32 INFO mapreduce.JobSubmitter: Submitting tokens for job: job_1543099092534_0017
18/11/25 03:58:32 INFO impl.YarnClientImpl: Submitted application application_1543099092534_0017
18/11/25 03:58:32 INFO mapreduce.Job: The url to track the job: http://master:8088/proxy/application_1543099092534_0017/
18/11/25 03:58:32 INFO mapreduce.Job: Running job: job_1543099092534_0017
18/11/25 03:58:43 INFO mapreduce.Job: Job job_1543099092534_0017 running in uber mode : false
18/11/25 03:58:43 INFO mapreduce.Job:  map 0% reduce 0%
18/11/25 03:58:53 INFO mapreduce.Job:  map 100% reduce 0%
18/11/25 03:58:58 INFO mapreduce.Job:  map 100% reduce 50%
18/11/25 03:58:59 INFO mapreduce.Job:  map 100% reduce 100%
18/11/25 03:59:00 INFO mapreduce.Job: Job job_1543099092534_0017 completed successfully
18/11/25 03:59:00 INFO mapreduce.Job: Counters: 49
	File System Counters
		FILE: Number of bytes read=709933
		FILE: Number of bytes written=1883052
		FILE: Number of read operations=0
		FILE: Number of large read operations=0
		FILE: Number of write operations=0
		HDFS: Number of bytes read=660155
		HDFS: Number of bytes written=705822
		HDFS: Number of read operations=12
		HDFS: Number of large read operations=0
		HDFS: Number of write operations=4
	Job Counters 
		Launched map tasks=2
		Launched reduce tasks=2
		Data-local map tasks=2
		Total time spent by all maps in occupied slots (ms)=15212
		Total time spent by all reduces in occupied slots (ms)=7409
		Total time spent by all map tasks (ms)=15212
		Total time spent by all reduce tasks (ms)=7409
		Total vcore-seconds taken by all map tasks=15212
		Total vcore-seconds taken by all reduce tasks=7409
		Total megabyte-seconds taken by all map tasks=15577088
		Total megabyte-seconds taken by all reduce tasks=7586816
	Map-Reduce Framework
		Map input records=45911
		Map output records=45911
		Map output bytes=618099
		Map output materialized bytes=709945
		Input split bytes=244
		Combine input records=0
		Combine output records=0
		Reduce input groups=949
		Reduce shuffle bytes=709945
		Reduce input records=45911
		Reduce output records=45911
		Spilled Records=91822
		Shuffled Maps =4
		Failed Shuffles=0
		Merged Map outputs=4
		GC time elapsed (ms)=250
		CPU time spent (ms)=2870
		Physical memory (bytes) snapshot=609894400
		Virtual memory (bytes) snapshot=8311021568
		Total committed heap usage (bytes)=404758528
	Shuffle Errors
		BAD_ID=0
		CONNECTION=0
		IO_ERROR=0
		WRONG_LENGTH=0
		WRONG_MAP=0
		WRONG_REDUCE=0
	File Input Format Counters 
		Bytes Read=659911
	File Output Format Counters 
		Bytes Written=705822
