18/11/25 04:10:17 INFO client.RMProxy: Connecting to ResourceManager at master/172.16.1.1:8032
18/11/25 04:10:18 INFO input.FileInputFormat: Total input paths to process : 1
18/11/25 04:10:18 INFO mapreduce.JobSubmitter: number of splits:8
18/11/25 04:10:19 INFO mapreduce.JobSubmitter: Submitting tokens for job: job_1543099092534_0020
18/11/25 04:10:19 INFO impl.YarnClientImpl: Submitted application application_1543099092534_0020
18/11/25 04:10:19 INFO mapreduce.Job: The url to track the job: http://master:8088/proxy/application_1543099092534_0020/
18/11/25 04:10:19 INFO mapreduce.Job: Running job: job_1543099092534_0020
18/11/25 04:10:26 INFO mapreduce.Job: Job job_1543099092534_0020 running in uber mode : false
18/11/25 04:10:26 INFO mapreduce.Job:  map 0% reduce 0%
18/11/25 04:10:43 INFO mapreduce.Job:  map 1% reduce 0%
18/11/25 04:10:47 INFO mapreduce.Job:  map 2% reduce 0%
18/11/25 04:10:50 INFO mapreduce.Job:  map 3% reduce 0%
18/11/25 04:10:53 INFO mapreduce.Job:  map 4% reduce 0%
18/11/25 04:10:54 INFO mapreduce.Job:  map 5% reduce 0%
18/11/25 04:10:57 INFO mapreduce.Job:  map 6% reduce 0%
18/11/25 04:10:59 INFO mapreduce.Job:  map 7% reduce 0%
18/11/25 04:11:00 INFO mapreduce.Job:  map 8% reduce 0%
18/11/25 04:11:03 INFO mapreduce.Job:  map 9% reduce 0%
18/11/25 04:11:06 INFO mapreduce.Job:  map 10% reduce 0%
18/11/25 04:11:08 INFO mapreduce.Job:  map 11% reduce 0%
18/11/25 04:11:11 INFO mapreduce.Job:  map 12% reduce 0%
18/11/25 04:11:12 INFO mapreduce.Job:  map 13% reduce 0%
18/11/25 04:11:14 INFO mapreduce.Job:  map 14% reduce 0%
18/11/25 04:11:17 INFO mapreduce.Job:  map 15% reduce 0%
18/11/25 04:11:21 INFO mapreduce.Job:  map 16% reduce 0%
18/11/25 04:11:29 INFO mapreduce.Job:  map 17% reduce 0%
18/11/25 04:11:33 INFO mapreduce.Job:  map 18% reduce 0%
18/11/25 04:11:36 INFO mapreduce.Job:  map 19% reduce 0%
18/11/25 04:11:40 INFO mapreduce.Job:  map 20% reduce 0%
18/11/25 04:11:43 INFO mapreduce.Job:  map 21% reduce 0%
18/11/25 04:11:46 INFO mapreduce.Job:  map 22% reduce 0%
18/11/25 04:11:48 INFO mapreduce.Job:  map 24% reduce 0%
18/11/25 04:11:49 INFO mapreduce.Job:  map 25% reduce 0%
18/11/25 04:11:51 INFO mapreduce.Job:  map 26% reduce 0%
18/11/25 04:11:52 INFO mapreduce.Job:  map 27% reduce 0%
18/11/25 04:11:54 INFO mapreduce.Job:  map 28% reduce 0%
18/11/25 04:11:57 INFO mapreduce.Job:  map 29% reduce 0%
18/11/25 04:12:06 INFO mapreduce.Job:  map 30% reduce 0%
18/11/25 04:12:08 INFO mapreduce.Job:  map 31% reduce 0%
18/11/25 04:12:12 INFO mapreduce.Job:  map 32% reduce 0%
18/11/25 04:12:13 INFO mapreduce.Job:  map 33% reduce 0%
18/11/25 04:12:16 INFO mapreduce.Job:  map 34% reduce 0%
18/11/25 04:12:17 INFO mapreduce.Job:  map 35% reduce 0%
18/11/25 04:12:20 INFO mapreduce.Job:  map 36% reduce 0%
18/11/25 04:12:23 INFO mapreduce.Job:  map 37% reduce 0%
18/11/25 04:12:24 INFO mapreduce.Job:  map 38% reduce 0%
18/11/25 04:12:25 INFO mapreduce.Job:  map 39% reduce 0%
18/11/25 04:12:27 INFO mapreduce.Job:  map 40% reduce 0%
18/11/25 04:12:28 INFO mapreduce.Job:  map 41% reduce 0%
18/11/25 04:12:31 INFO mapreduce.Job:  map 42% reduce 0%
18/11/25 04:12:34 INFO mapreduce.Job:  map 43% reduce 0%
18/11/25 04:12:43 INFO mapreduce.Job:  map 44% reduce 0%
18/11/25 04:12:46 INFO mapreduce.Job:  map 45% reduce 0%
18/11/25 04:12:47 INFO mapreduce.Job:  map 46% reduce 0%
18/11/25 04:12:49 INFO mapreduce.Job:  map 47% reduce 0%
18/11/25 04:12:50 INFO mapreduce.Job:  map 48% reduce 0%
18/11/25 04:12:52 INFO mapreduce.Job:  map 49% reduce 0%
18/11/25 04:12:56 INFO mapreduce.Job:  map 50% reduce 0%
18/11/25 04:12:57 INFO mapreduce.Job:  map 51% reduce 0%
18/11/25 04:13:00 INFO mapreduce.Job:  map 52% reduce 0%
18/11/25 04:13:01 INFO mapreduce.Job:  map 56% reduce 0%
18/11/25 04:13:02 INFO mapreduce.Job:  map 64% reduce 0%
18/11/25 04:13:03 INFO mapreduce.Job:  map 65% reduce 0%
18/11/25 04:13:16 INFO mapreduce.Job:  map 65% reduce 2%
18/11/25 04:13:18 INFO mapreduce.Job:  map 65% reduce 5%
18/11/25 04:13:19 INFO mapreduce.Job:  map 65% reduce 6%
18/11/25 04:13:20 INFO mapreduce.Job:  map 65% reduce 8%
18/11/25 04:13:21 INFO mapreduce.Job:  map 65% reduce 11%
18/11/25 04:13:23 INFO mapreduce.Job:  map 66% reduce 13%
18/11/25 04:13:27 INFO mapreduce.Job:  map 71% reduce 13%
18/11/25 04:13:29 INFO mapreduce.Job:  map 71% reduce 14%
18/11/25 04:13:30 INFO mapreduce.Job:  map 72% reduce 16%
18/11/25 04:13:31 INFO mapreduce.Job:  map 72% reduce 17%
18/11/25 04:13:33 INFO mapreduce.Job:  map 73% reduce 17%
18/11/25 04:13:38 INFO mapreduce.Job:  map 74% reduce 17%
18/11/25 04:14:00 INFO mapreduce.Job:  map 75% reduce 17%
18/11/25 04:14:03 INFO mapreduce.Job:  map 76% reduce 17%
18/11/25 04:14:06 INFO mapreduce.Job:  map 77% reduce 17%
18/11/25 04:14:10 INFO mapreduce.Job:  map 78% reduce 17%
18/11/25 04:14:18 INFO mapreduce.Job:  map 79% reduce 17%
18/11/25 04:14:36 INFO mapreduce.Job:  map 80% reduce 17%
18/11/25 04:14:39 INFO mapreduce.Job:  map 81% reduce 17%
18/11/25 04:14:43 INFO mapreduce.Job:  map 82% reduce 17%
18/11/25 04:14:47 INFO mapreduce.Job:  map 83% reduce 17%
18/11/25 04:15:08 INFO mapreduce.Job:  map 87% reduce 17%
18/11/25 04:15:10 INFO mapreduce.Job:  map 90% reduce 17%
18/11/25 04:15:11 INFO mapreduce.Job:  map 90% reduce 19%
18/11/25 04:15:12 INFO mapreduce.Job:  map 96% reduce 21%
18/11/25 04:15:13 INFO mapreduce.Job:  map 100% reduce 22%
18/11/25 04:15:14 INFO mapreduce.Job:  map 100% reduce 43%
18/11/25 04:15:15 INFO mapreduce.Job:  map 100% reduce 67%
18/11/25 04:15:16 INFO mapreduce.Job:  map 100% reduce 87%
18/11/25 04:15:17 INFO mapreduce.Job:  map 100% reduce 100%
18/11/25 04:15:17 INFO mapreduce.Job: Job job_1543099092534_0020 completed successfully
18/11/25 04:15:17 INFO mapreduce.Job: Counters: 51
	File System Counters
		FILE: Number of bytes read=44308124
		FILE: Number of bytes written=50436508
		FILE: Number of read operations=0
		FILE: Number of large read operations=0
		FILE: Number of write operations=0
		HDFS: Number of bytes read=1016886912
		HDFS: Number of bytes written=659911
		HDFS: Number of read operations=48
		HDFS: Number of large read operations=0
		HDFS: Number of write operations=16
	Job Counters 
		Killed map tasks=4
		Launched map tasks=12
		Launched reduce tasks=8
		Data-local map tasks=11
		Rack-local map tasks=1
		Total time spent by all maps in occupied slots (ms)=2189502
		Total time spent by all reduces in occupied slots (ms)=1053690
		Total time spent by all map tasks (ms)=2189502
		Total time spent by all reduce tasks (ms)=1053690
		Total vcore-seconds taken by all map tasks=2189502
		Total vcore-seconds taken by all reduce tasks=1053690
		Total megabyte-seconds taken by all map tasks=2242050048
		Total megabyte-seconds taken by all reduce tasks=1078978560
	Map-Reduce Framework
		Map input records=19189056
		Map output records=182835968
		Map output bytes=1653898368
		Map output materialized bytes=5312464
		Input split bytes=832
		Combine input records=185463757
		Combine output records=2995077
		Reduce input groups=45911
		Reduce shuffle bytes=5312464
		Reduce input records=367288
		Reduce output records=45911
		Spilled Records=3362365
		Shuffled Maps =64
		Failed Shuffles=0
		Merged Map outputs=64
		GC time elapsed (ms)=8254
		CPU time spent (ms)=389460
		Physical memory (bytes) snapshot=2563059712
		Virtual memory (bytes) snapshot=33301057536
		Total committed heap usage (bytes)=1619034112
	Shuffle Errors
		BAD_ID=0
		CONNECTION=0
		IO_ERROR=0
		WRONG_LENGTH=0
		WRONG_MAP=0
		WRONG_REDUCE=0
	File Input Format Counters 
		Bytes Read=1016886080
	File Output Format Counters 
		Bytes Written=659911
18/11/25 04:15:17 INFO client.RMProxy: Connecting to ResourceManager at master/172.16.1.1:8032
18/11/25 04:15:17 INFO input.FileInputFormat: Total input paths to process : 8
18/11/25 04:15:17 INFO mapreduce.JobSubmitter: number of splits:8
18/11/25 04:15:17 INFO mapreduce.JobSubmitter: Submitting tokens for job: job_1543099092534_0021
18/11/25 04:15:17 INFO impl.YarnClientImpl: Submitted application application_1543099092534_0021
18/11/25 04:15:17 INFO mapreduce.Job: The url to track the job: http://master:8088/proxy/application_1543099092534_0021/
18/11/25 04:15:17 INFO mapreduce.Job: Running job: job_1543099092534_0021
18/11/25 04:15:29 INFO mapreduce.Job: Job job_1543099092534_0021 running in uber mode : false
18/11/25 04:15:29 INFO mapreduce.Job:  map 0% reduce 0%
18/11/25 04:15:38 INFO mapreduce.Job:  map 25% reduce 0%
18/11/25 04:15:53 INFO mapreduce.Job:  map 25% reduce 2%
18/11/25 04:15:54 INFO mapreduce.Job:  map 38% reduce 2%
18/11/25 04:15:56 INFO mapreduce.Job:  map 38% reduce 6%
18/11/25 04:15:57 INFO mapreduce.Job:  map 50% reduce 9%
18/11/25 04:15:58 INFO mapreduce.Job:  map 100% reduce 9%
18/11/25 04:15:59 INFO mapreduce.Job:  map 100% reduce 46%
18/11/25 04:16:00 INFO mapreduce.Job:  map 100% reduce 75%
18/11/25 04:16:01 INFO mapreduce.Job:  map 100% reduce 88%
18/11/25 04:16:02 INFO mapreduce.Job:  map 100% reduce 100%
18/11/25 04:16:02 INFO mapreduce.Job: Job job_1543099092534_0021 completed successfully
18/11/25 04:16:02 INFO mapreduce.Job: Counters: 50
	File System Counters
		FILE: Number of bytes read=709969
		FILE: Number of bytes written=3274122
		FILE: Number of read operations=0
		FILE: Number of large read operations=0
		FILE: Number of write operations=0
		HDFS: Number of bytes read=660887
		HDFS: Number of bytes written=705822
		HDFS: Number of read operations=48
		HDFS: Number of large read operations=0
		HDFS: Number of write operations=16
	Job Counters 
		Killed map tasks=1
		Launched map tasks=9
		Launched reduce tasks=8
		Data-local map tasks=9
		Total time spent by all maps in occupied slots (ms)=172214
		Total time spent by all reduces in occupied slots (ms)=142472
		Total time spent by all map tasks (ms)=172214
		Total time spent by all reduce tasks (ms)=142472
		Total vcore-seconds taken by all map tasks=172214
		Total vcore-seconds taken by all reduce tasks=142472
		Total megabyte-seconds taken by all map tasks=176347136
		Total megabyte-seconds taken by all reduce tasks=145891328
	Map-Reduce Framework
		Map input records=45911
		Map output records=45911
		Map output bytes=618099
		Map output materialized bytes=710305
		Input split bytes=976
		Combine input records=0
		Combine output records=0
		Reduce input groups=949
		Reduce shuffle bytes=710305
		Reduce input records=45911
		Reduce output records=45911
		Spilled Records=91822
		Shuffled Maps =64
		Failed Shuffles=0
		Merged Map outputs=64
		GC time elapsed (ms)=1830
		CPU time spent (ms)=8760
		Physical memory (bytes) snapshot=2417844224
		Virtual memory (bytes) snapshot=33242292224
		Total committed heap usage (bytes)=1619034112
	Shuffle Errors
		BAD_ID=0
		CONNECTION=0
		IO_ERROR=0
		WRONG_LENGTH=0
		WRONG_MAP=0
		WRONG_REDUCE=0
	File Input Format Counters 
		Bytes Read=659911
	File Output Format Counters 
		Bytes Written=705822
