18/11/25 03:24:06 INFO client.RMProxy: Connecting to ResourceManager at master/172.16.1.1:8032
18/11/25 03:24:07 INFO input.FileInputFormat: Total input paths to process : 1
18/11/25 03:24:07 INFO mapreduce.JobSubmitter: number of splits:1
18/11/25 03:24:07 INFO mapreduce.JobSubmitter: Submitting tokens for job: job_1543099092534_0008
18/11/25 03:24:08 INFO impl.YarnClientImpl: Submitted application application_1543099092534_0008
18/11/25 03:24:08 INFO mapreduce.Job: The url to track the job: http://master:8088/proxy/application_1543099092534_0008/
18/11/25 03:24:08 INFO mapreduce.Job: Running job: job_1543099092534_0008
18/11/25 03:24:14 INFO mapreduce.Job: Job job_1543099092534_0008 running in uber mode : false
18/11/25 03:24:14 INFO mapreduce.Job:  map 0% reduce 0%
18/11/25 03:24:25 INFO mapreduce.Job:  map 12% reduce 0%
18/11/25 03:24:28 INFO mapreduce.Job:  map 13% reduce 0%
18/11/25 03:24:31 INFO mapreduce.Job:  map 21% reduce 0%
18/11/25 03:24:34 INFO mapreduce.Job:  map 22% reduce 0%
18/11/25 03:24:37 INFO mapreduce.Job:  map 31% reduce 0%
18/11/25 03:24:40 INFO mapreduce.Job:  map 33% reduce 0%
18/11/25 03:24:43 INFO mapreduce.Job:  map 41% reduce 0%
18/11/25 03:24:47 INFO mapreduce.Job:  map 43% reduce 0%
18/11/25 03:24:50 INFO mapreduce.Job:  map 51% reduce 0%
18/11/25 03:24:53 INFO mapreduce.Job:  map 54% reduce 0%
18/11/25 03:24:55 INFO mapreduce.Job:  map 61% reduce 0%
18/11/25 03:24:58 INFO mapreduce.Job:  map 64% reduce 0%
18/11/25 03:25:01 INFO mapreduce.Job:  map 69% reduce 0%
18/11/25 03:25:02 INFO mapreduce.Job:  map 100% reduce 0%
18/11/25 03:25:09 INFO mapreduce.Job:  map 100% reduce 100%
18/11/25 03:25:09 INFO mapreduce.Job: Job job_1543099092534_0008 completed successfully
18/11/25 03:25:09 INFO mapreduce.Job: Counters: 49
	File System Counters
		FILE: Number of bytes read=5299225
		FILE: Number of bytes written=6194856
		FILE: Number of read operations=0
		FILE: Number of large read operations=0
		FILE: Number of write operations=0
		HDFS: Number of bytes read=127107279
		HDFS: Number of bytes written=615708
		HDFS: Number of read operations=6
		HDFS: Number of large read operations=0
		HDFS: Number of write operations=2
	Job Counters 
		Launched map tasks=1
		Launched reduce tasks=1
		Data-local map tasks=1
		Total time spent by all maps in occupied slots (ms)=45778
		Total time spent by all reduces in occupied slots (ms)=4111
		Total time spent by all map tasks (ms)=45778
		Total time spent by all reduce tasks (ms)=4111
		Total vcore-seconds taken by all map tasks=45778
		Total vcore-seconds taken by all reduce tasks=4111
		Total megabyte-seconds taken by all map tasks=46876672
		Total megabyte-seconds taken by all reduce tasks=4209664
	Map-Reduce Framework
		Map input records=2398632
		Map output records=22854496
		Map output bytes=206737296
		Map output materialized bytes=664016
		Input split bytes=103
		Combine input records=23174997
		Combine output records=366412
		Reduce input groups=45911
		Reduce shuffle bytes=664016
		Reduce input records=45911
		Reduce output records=45911
		Spilled Records=412323
		Shuffled Maps =1
		Failed Shuffles=0
		Merged Map outputs=1
		GC time elapsed (ms)=576
		CPU time spent (ms)=42610
		Physical memory (bytes) snapshot=311595008
		Virtual memory (bytes) snapshot=4159713280
		Total committed heap usage (bytes)=202379264
	Shuffle Errors
		BAD_ID=0
		CONNECTION=0
		IO_ERROR=0
		WRONG_LENGTH=0
		WRONG_MAP=0
		WRONG_REDUCE=0
	File Input Format Counters 
		Bytes Read=127107176
	File Output Format Counters 
		Bytes Written=615708
18/11/25 03:25:09 INFO client.RMProxy: Connecting to ResourceManager at master/172.16.1.1:8032
18/11/25 03:25:09 INFO input.FileInputFormat: Total input paths to process : 1
18/11/25 03:25:09 INFO mapreduce.JobSubmitter: number of splits:1
18/11/25 03:25:09 INFO mapreduce.JobSubmitter: Submitting tokens for job: job_1543099092534_0009
18/11/25 03:25:09 INFO impl.YarnClientImpl: Submitted application application_1543099092534_0009
18/11/25 03:25:09 INFO mapreduce.Job: The url to track the job: http://master:8088/proxy/application_1543099092534_0009/
18/11/25 03:25:09 INFO mapreduce.Job: Running job: job_1543099092534_0009
18/11/25 03:25:21 INFO mapreduce.Job: Job job_1543099092534_0009 running in uber mode : false
18/11/25 03:25:21 INFO mapreduce.Job:  map 0% reduce 0%
18/11/25 03:25:27 INFO mapreduce.Job:  map 100% reduce 0%
18/11/25 03:25:34 INFO mapreduce.Job:  map 100% reduce 100%
18/11/25 03:25:34 INFO mapreduce.Job: Job job_1543099092534_0009 completed successfully
18/11/25 03:25:34 INFO mapreduce.Job: Counters: 49
	File System Counters
		FILE: Number of bytes read=709927
		FILE: Number of bytes written=1651413
		FILE: Number of read operations=0
		FILE: Number of large read operations=0
		FILE: Number of write operations=0
		HDFS: Number of bytes read=615829
		HDFS: Number of bytes written=661619
		HDFS: Number of read operations=6
		HDFS: Number of large read operations=0
		HDFS: Number of write operations=2
	Job Counters 
		Launched map tasks=1
		Launched reduce tasks=1
		Data-local map tasks=1
		Total time spent by all maps in occupied slots (ms)=3999
		Total time spent by all reduces in occupied slots (ms)=3940
		Total time spent by all map tasks (ms)=3999
		Total time spent by all reduce tasks (ms)=3940
		Total vcore-seconds taken by all map tasks=3999
		Total vcore-seconds taken by all reduce tasks=3940
		Total megabyte-seconds taken by all map tasks=4094976
		Total megabyte-seconds taken by all reduce tasks=4034560
	Map-Reduce Framework
		Map input records=45911
		Map output records=45911
		Map output bytes=618099
		Map output materialized bytes=709927
		Input split bytes=121
		Combine input records=0
		Combine output records=0
		Reduce input groups=949
		Reduce shuffle bytes=709927
		Reduce input records=45911
		Reduce output records=45911
		Spilled Records=91822
		Shuffled Maps =1
		Failed Shuffles=0
		Merged Map outputs=1
		GC time elapsed (ms)=100
		CPU time spent (ms)=1940
		Physical memory (bytes) snapshot=304791552
		Virtual memory (bytes) snapshot=4156559360
		Total committed heap usage (bytes)=202379264
	Shuffle Errors
		BAD_ID=0
		CONNECTION=0
		IO_ERROR=0
		WRONG_LENGTH=0
		WRONG_MAP=0
		WRONG_REDUCE=0
	File Input Format Counters 
		Bytes Read=615708
	File Output Format Counters 
		Bytes Written=661619
