18/11/25 03:20:31 INFO client.RMProxy: Connecting to ResourceManager at master/172.16.1.1:8032
18/11/25 03:20:31 INFO input.FileInputFormat: Total input paths to process : 1
18/11/25 03:20:32 INFO mapreduce.JobSubmitter: number of splits:1
18/11/25 03:20:32 INFO mapreduce.JobSubmitter: Submitting tokens for job: job_1543099092534_0006
18/11/25 03:20:32 INFO impl.YarnClientImpl: Submitted application application_1543099092534_0006
18/11/25 03:20:32 INFO mapreduce.Job: The url to track the job: http://master:8088/proxy/application_1543099092534_0006/
18/11/25 03:20:32 INFO mapreduce.Job: Running job: job_1543099092534_0006
18/11/25 03:20:39 INFO mapreduce.Job: Job job_1543099092534_0006 running in uber mode : false
18/11/25 03:20:39 INFO mapreduce.Job:  map 0% reduce 0%
18/11/25 03:20:50 INFO mapreduce.Job:  map 23% reduce 0%
18/11/25 03:20:54 INFO mapreduce.Job:  map 24% reduce 0%
18/11/25 03:20:57 INFO mapreduce.Job:  map 40% reduce 0%
18/11/25 03:21:00 INFO mapreduce.Job:  map 43% reduce 0%
18/11/25 03:21:03 INFO mapreduce.Job:  map 58% reduce 0%
18/11/25 03:21:05 INFO mapreduce.Job:  map 62% reduce 0%
18/11/25 03:21:08 INFO mapreduce.Job:  map 100% reduce 0%
18/11/25 03:21:14 INFO mapreduce.Job:  map 100% reduce 100%
18/11/25 03:21:15 INFO mapreduce.Job: Job job_1543099092534_0006 completed successfully
18/11/25 03:21:15 INFO mapreduce.Job: Counters: 49
	File System Counters
		FILE: Number of bytes read=3134265
		FILE: Number of bytes written=4029892
		FILE: Number of read operations=0
		FILE: Number of large read operations=0
		FILE: Number of write operations=0
		HDFS: Number of bytes read=63553690
		HDFS: Number of bytes written=604898
		HDFS: Number of read operations=6
		HDFS: Number of large read operations=0
		HDFS: Number of write operations=2
	Job Counters 
		Launched map tasks=1
		Launched reduce tasks=1
		Data-local map tasks=1
		Total time spent by all maps in occupied slots (ms)=26851
		Total time spent by all reduces in occupied slots (ms)=4022
		Total time spent by all map tasks (ms)=26851
		Total time spent by all reduce tasks (ms)=4022
		Total vcore-seconds taken by all map tasks=26851
		Total vcore-seconds taken by all reduce tasks=4022
		Total megabyte-seconds taken by all map tasks=27495424
		Total megabyte-seconds taken by all reduce tasks=4118528
	Map-Reduce Framework
		Map input records=1199316
		Map output records=11427248
		Map output bytes=103368648
		Map output materialized bytes=664016
		Input split bytes=102
		Combine input records=11598266
		Combine output records=216929
		Reduce input groups=45911
		Reduce shuffle bytes=664016
		Reduce input records=45911
		Reduce output records=45911
		Spilled Records=262840
		Shuffled Maps =1
		Failed Shuffles=0
		Merged Map outputs=1
		GC time elapsed (ms)=354
		CPU time spent (ms)=24130
		Physical memory (bytes) snapshot=316760064
		Virtual memory (bytes) snapshot=4159717376
		Total committed heap usage (bytes)=202379264
	Shuffle Errors
		BAD_ID=0
		CONNECTION=0
		IO_ERROR=0
		WRONG_LENGTH=0
		WRONG_MAP=0
		WRONG_REDUCE=0
	File Input Format Counters 
		Bytes Read=63553588
	File Output Format Counters 
		Bytes Written=604898
18/11/25 03:21:15 INFO client.RMProxy: Connecting to ResourceManager at master/172.16.1.1:8032
18/11/25 03:21:15 INFO input.FileInputFormat: Total input paths to process : 1
18/11/25 03:21:15 INFO mapreduce.JobSubmitter: number of splits:1
18/11/25 03:21:15 INFO mapreduce.JobSubmitter: Submitting tokens for job: job_1543099092534_0007
18/11/25 03:21:15 INFO impl.YarnClientImpl: Submitted application application_1543099092534_0007
18/11/25 03:21:15 INFO mapreduce.Job: The url to track the job: http://master:8088/proxy/application_1543099092534_0007/
18/11/25 03:21:15 INFO mapreduce.Job: Running job: job_1543099092534_0007
18/11/25 03:21:26 INFO mapreduce.Job: Job job_1543099092534_0007 running in uber mode : false
18/11/25 03:21:26 INFO mapreduce.Job:  map 0% reduce 0%
18/11/25 03:21:33 INFO mapreduce.Job:  map 100% reduce 0%
18/11/25 03:21:39 INFO mapreduce.Job:  map 100% reduce 100%
18/11/25 03:21:40 INFO mapreduce.Job: Job job_1543099092534_0007 completed successfully
18/11/25 03:21:40 INFO mapreduce.Job: Counters: 49
	File System Counters
		FILE: Number of bytes read=709927
		FILE: Number of bytes written=1651409
		FILE: Number of read operations=0
		FILE: Number of large read operations=0
		FILE: Number of write operations=0
		HDFS: Number of bytes read=605018
		HDFS: Number of bytes written=650809
		HDFS: Number of read operations=6
		HDFS: Number of large read operations=0
		HDFS: Number of write operations=2
	Job Counters 
		Launched map tasks=1
		Launched reduce tasks=1
		Data-local map tasks=1
		Total time spent by all maps in occupied slots (ms)=4134
		Total time spent by all reduces in occupied slots (ms)=4004
		Total time spent by all map tasks (ms)=4134
		Total time spent by all reduce tasks (ms)=4004
		Total vcore-seconds taken by all map tasks=4134
		Total vcore-seconds taken by all reduce tasks=4004
		Total megabyte-seconds taken by all map tasks=4233216
		Total megabyte-seconds taken by all reduce tasks=4100096
	Map-Reduce Framework
		Map input records=45911
		Map output records=45911
		Map output bytes=618099
		Map output materialized bytes=709927
		Input split bytes=120
		Combine input records=0
		Combine output records=0
		Reduce input groups=949
		Reduce shuffle bytes=709927
		Reduce input records=45911
		Reduce output records=45911
		Spilled Records=91822
		Shuffled Maps =1
		Failed Shuffles=0
		Merged Map outputs=1
		GC time elapsed (ms)=101
		CPU time spent (ms)=1960
		Physical memory (bytes) snapshot=307888128
		Virtual memory (bytes) snapshot=4156866560
		Total committed heap usage (bytes)=202379264
	Shuffle Errors
		BAD_ID=0
		CONNECTION=0
		IO_ERROR=0
		WRONG_LENGTH=0
		WRONG_MAP=0
		WRONG_REDUCE=0
	File Input Format Counters 
		Bytes Read=604898
	File Output Format Counters 
		Bytes Written=650809
