18/11/25 03:42:44 INFO client.RMProxy: Connecting to ResourceManager at master/172.16.1.1:8032
18/11/25 03:42:44 INFO input.FileInputFormat: Total input paths to process : 1
18/11/25 03:42:44 INFO mapreduce.JobSubmitter: number of splits:8
18/11/25 03:42:45 INFO mapreduce.JobSubmitter: Submitting tokens for job: job_1543099092534_0014
18/11/25 03:42:45 INFO impl.YarnClientImpl: Submitted application application_1543099092534_0014
18/11/25 03:42:45 INFO mapreduce.Job: The url to track the job: http://master:8088/proxy/application_1543099092534_0014/
18/11/25 03:42:45 INFO mapreduce.Job: Running job: job_1543099092534_0014
18/11/25 03:42:52 INFO mapreduce.Job: Job job_1543099092534_0014 running in uber mode : false
18/11/25 03:42:52 INFO mapreduce.Job:  map 0% reduce 0%
18/11/25 03:43:10 INFO mapreduce.Job:  map 1% reduce 0%
18/11/25 03:43:13 INFO mapreduce.Job:  map 2% reduce 0%
18/11/25 03:43:15 INFO mapreduce.Job:  map 3% reduce 0%
18/11/25 03:43:16 INFO mapreduce.Job:  map 4% reduce 0%
18/11/25 03:43:19 INFO mapreduce.Job:  map 5% reduce 0%
18/11/25 03:43:20 INFO mapreduce.Job:  map 6% reduce 0%
18/11/25 03:43:23 INFO mapreduce.Job:  map 7% reduce 0%
18/11/25 03:43:26 INFO mapreduce.Job:  map 8% reduce 0%
18/11/25 03:43:29 INFO mapreduce.Job:  map 9% reduce 0%
18/11/25 03:43:32 INFO mapreduce.Job:  map 10% reduce 0%
18/11/25 03:43:34 INFO mapreduce.Job:  map 11% reduce 0%
18/11/25 03:43:36 INFO mapreduce.Job:  map 12% reduce 0%
18/11/25 03:43:37 INFO mapreduce.Job:  map 13% reduce 0%
18/11/25 03:43:39 INFO mapreduce.Job:  map 14% reduce 0%
18/11/25 03:43:40 INFO mapreduce.Job:  map 15% reduce 0%
18/11/25 03:43:43 INFO mapreduce.Job:  map 16% reduce 0%
18/11/25 03:43:55 INFO mapreduce.Job:  map 17% reduce 0%
18/11/25 03:43:58 INFO mapreduce.Job:  map 18% reduce 0%
18/11/25 03:43:59 INFO mapreduce.Job:  map 19% reduce 0%
18/11/25 03:44:02 INFO mapreduce.Job:  map 20% reduce 0%
18/11/25 03:44:03 INFO mapreduce.Job:  map 21% reduce 0%
18/11/25 03:44:06 INFO mapreduce.Job:  map 22% reduce 0%
18/11/25 03:44:08 INFO mapreduce.Job:  map 23% reduce 0%
18/11/25 03:44:12 INFO mapreduce.Job:  map 25% reduce 0%
18/11/25 03:44:15 INFO mapreduce.Job:  map 26% reduce 0%
18/11/25 03:44:17 INFO mapreduce.Job:  map 27% reduce 0%
18/11/25 03:44:18 INFO mapreduce.Job:  map 28% reduce 0%
18/11/25 03:44:20 INFO mapreduce.Job:  map 29% reduce 0%
18/11/25 03:44:22 INFO mapreduce.Job:  map 30% reduce 0%
18/11/25 03:44:25 INFO mapreduce.Job:  map 31% reduce 0%
18/11/25 03:44:35 INFO mapreduce.Job:  map 35% reduce 0%
18/11/25 03:44:37 INFO mapreduce.Job:  map 36% reduce 0%
18/11/25 03:44:38 INFO mapreduce.Job:  map 37% reduce 0%
18/11/25 03:44:41 INFO mapreduce.Job:  map 38% reduce 0%
18/11/25 03:44:44 INFO mapreduce.Job:  map 39% reduce 0%
18/11/25 03:44:46 INFO mapreduce.Job:  map 40% reduce 0%
18/11/25 03:44:50 INFO mapreduce.Job:  map 41% reduce 0%
18/11/25 03:44:51 INFO mapreduce.Job:  map 41% reduce 4%
18/11/25 03:44:53 INFO mapreduce.Job:  map 42% reduce 4%
18/11/25 03:44:54 INFO mapreduce.Job:  map 43% reduce 4%
18/11/25 03:44:56 INFO mapreduce.Job:  map 44% reduce 4%
18/11/25 03:45:00 INFO mapreduce.Job:  map 45% reduce 4%
18/11/25 03:45:11 INFO mapreduce.Job:  map 46% reduce 4%
18/11/25 03:45:20 INFO mapreduce.Job:  map 47% reduce 4%
18/11/25 03:45:23 INFO mapreduce.Job:  map 48% reduce 4%
18/11/25 03:45:25 INFO mapreduce.Job:  map 49% reduce 4%
18/11/25 03:45:28 INFO mapreduce.Job:  map 50% reduce 4%
18/11/25 03:45:31 INFO mapreduce.Job:  map 51% reduce 4%
18/11/25 03:45:34 INFO mapreduce.Job:  map 52% reduce 4%
18/11/25 03:45:38 INFO mapreduce.Job:  map 53% reduce 4%
18/11/25 03:45:44 INFO mapreduce.Job:  map 54% reduce 4%
18/11/25 03:45:45 INFO mapreduce.Job:  map 55% reduce 4%
18/11/25 03:45:47 INFO mapreduce.Job:  map 62% reduce 4%
18/11/25 03:45:49 INFO mapreduce.Job:  map 62% reduce 13%
18/11/25 03:45:55 INFO mapreduce.Job:  map 63% reduce 13%
18/11/25 03:46:02 INFO mapreduce.Job:  map 65% reduce 13%
18/11/25 03:46:05 INFO mapreduce.Job:  map 66% reduce 13%
18/11/25 03:46:08 INFO mapreduce.Job:  map 67% reduce 13%
18/11/25 03:46:10 INFO mapreduce.Job:  map 72% reduce 13%
18/11/25 03:46:11 INFO mapreduce.Job:  map 72% reduce 17%
18/11/25 03:46:14 INFO mapreduce.Job:  map 73% reduce 17%
18/11/25 03:46:18 INFO mapreduce.Job:  map 74% reduce 17%
18/11/25 03:46:35 INFO mapreduce.Job:  map 75% reduce 17%
18/11/25 03:46:39 INFO mapreduce.Job:  map 76% reduce 17%
18/11/25 03:46:45 INFO mapreduce.Job:  map 77% reduce 17%
18/11/25 03:46:48 INFO mapreduce.Job:  map 78% reduce 17%
18/11/25 03:46:54 INFO mapreduce.Job:  map 79% reduce 17%
18/11/25 03:47:09 INFO mapreduce.Job:  map 80% reduce 17%
18/11/25 03:47:13 INFO mapreduce.Job:  map 81% reduce 17%
18/11/25 03:47:18 INFO mapreduce.Job:  map 82% reduce 17%
18/11/25 03:47:21 INFO mapreduce.Job:  map 83% reduce 17%
18/11/25 03:47:41 INFO mapreduce.Job:  map 85% reduce 17%
18/11/25 03:47:42 INFO mapreduce.Job:  map 92% reduce 17%
18/11/25 03:47:44 INFO mapreduce.Job:  map 96% reduce 25%
18/11/25 03:47:45 INFO mapreduce.Job:  map 100% reduce 25%
18/11/25 03:47:47 INFO mapreduce.Job:  map 100% reduce 79%
18/11/25 03:47:48 INFO mapreduce.Job:  map 100% reduce 100%
18/11/25 03:47:48 INFO mapreduce.Job: Job job_1543099092534_0014 completed successfully
18/11/25 03:47:48 INFO mapreduce.Job: Counters: 50
	File System Counters
		FILE: Number of bytes read=43267144
		FILE: Number of bytes written=49621750
		FILE: Number of read operations=0
		FILE: Number of large read operations=0
		FILE: Number of write operations=0
		HDFS: Number of bytes read=1016886912
		HDFS: Number of bytes written=659911
		HDFS: Number of read operations=27
		HDFS: Number of large read operations=0
		HDFS: Number of write operations=2
	Job Counters 
		Killed map tasks=5
		Launched map tasks=13
		Launched reduce tasks=1
		Data-local map tasks=13
		Total time spent by all maps in occupied slots (ms)=2490298
		Total time spent by all reduces in occupied slots (ms)=190465
		Total time spent by all map tasks (ms)=2490298
		Total time spent by all reduce tasks (ms)=190465
		Total vcore-seconds taken by all map tasks=2490298
		Total vcore-seconds taken by all reduce tasks=190465
		Total megabyte-seconds taken by all map tasks=2550065152
		Total megabyte-seconds taken by all reduce tasks=195036160
	Map-Reduce Framework
		Map input records=19189056
		Map output records=182835968
		Map output bytes=1653898368
		Map output materialized bytes=5312128
		Input split bytes=832
		Combine input records=185463757
		Combine output records=2995077
		Reduce input groups=45911
		Reduce shuffle bytes=5312128
		Reduce input records=367288
		Reduce output records=45911
		Spilled Records=3362365
		Shuffled Maps =8
		Failed Shuffles=0
		Merged Map outputs=8
		GC time elapsed (ms)=7020
		CPU time spent (ms)=373570
		Physical memory (bytes) snapshot=1863544832
		Virtual memory (bytes) snapshot=18704408576
		Total committed heap usage (bytes)=1277722624
	Shuffle Errors
		BAD_ID=0
		CONNECTION=0
		IO_ERROR=0
		WRONG_LENGTH=0
		WRONG_MAP=0
		WRONG_REDUCE=0
	File Input Format Counters 
		Bytes Read=1016886080
	File Output Format Counters 
		Bytes Written=659911
18/11/25 03:47:48 INFO client.RMProxy: Connecting to ResourceManager at master/172.16.1.1:8032
18/11/25 03:47:48 INFO input.FileInputFormat: Total input paths to process : 1
18/11/25 03:47:49 INFO mapreduce.JobSubmitter: number of splits:1
18/11/25 03:47:49 INFO mapreduce.JobSubmitter: Submitting tokens for job: job_1543099092534_0015
18/11/25 03:47:49 INFO impl.YarnClientImpl: Submitted application application_1543099092534_0015
18/11/25 03:47:49 INFO mapreduce.Job: The url to track the job: http://master:8088/proxy/application_1543099092534_0015/
18/11/25 03:47:49 INFO mapreduce.Job: Running job: job_1543099092534_0015
18/11/25 03:48:00 INFO mapreduce.Job: Job job_1543099092534_0015 running in uber mode : false
18/11/25 03:48:00 INFO mapreduce.Job:  map 0% reduce 0%
18/11/25 03:48:06 INFO mapreduce.Job:  map 100% reduce 0%
18/11/25 03:48:13 INFO mapreduce.Job:  map 100% reduce 100%
18/11/25 03:48:13 INFO mapreduce.Job: Job job_1543099092534_0015 completed successfully
18/11/25 03:48:13 INFO mapreduce.Job: Counters: 49
	File System Counters
		FILE: Number of bytes read=709927
		FILE: Number of bytes written=1651417
		FILE: Number of read operations=0
		FILE: Number of large read operations=0
		FILE: Number of write operations=0
		HDFS: Number of bytes read=660033
		HDFS: Number of bytes written=705822
		HDFS: Number of read operations=6
		HDFS: Number of large read operations=0
		HDFS: Number of write operations=2
	Job Counters 
		Launched map tasks=1
		Launched reduce tasks=1
		Data-local map tasks=1
		Total time spent by all maps in occupied slots (ms)=4123
		Total time spent by all reduces in occupied slots (ms)=4002
		Total time spent by all map tasks (ms)=4123
		Total time spent by all reduce tasks (ms)=4002
		Total vcore-seconds taken by all map tasks=4123
		Total vcore-seconds taken by all reduce tasks=4002
		Total megabyte-seconds taken by all map tasks=4221952
		Total megabyte-seconds taken by all reduce tasks=4098048
	Map-Reduce Framework
		Map input records=45911
		Map output records=45911
		Map output bytes=618099
		Map output materialized bytes=709927
		Input split bytes=122
		Combine input records=0
		Combine output records=0
		Reduce input groups=949
		Reduce shuffle bytes=709927
		Reduce input records=45911
		Reduce output records=45911
		Spilled Records=91822
		Shuffled Maps =1
		Failed Shuffles=0
		Merged Map outputs=1
		GC time elapsed (ms)=100
		CPU time spent (ms)=1960
		Physical memory (bytes) snapshot=308908032
		Virtual memory (bytes) snapshot=4156862464
		Total committed heap usage (bytes)=202379264
	Shuffle Errors
		BAD_ID=0
		CONNECTION=0
		IO_ERROR=0
		WRONG_LENGTH=0
		WRONG_MAP=0
		WRONG_REDUCE=0
	File Input Format Counters 
		Bytes Read=659911
	File Output Format Counters 
		Bytes Written=705822
