18/11/25 03:34:29 INFO client.RMProxy: Connecting to ResourceManager at master/172.16.1.1:8032
18/11/25 03:34:30 INFO input.FileInputFormat: Total input paths to process : 1
18/11/25 03:34:30 INFO mapreduce.JobSubmitter: number of splits:4
18/11/25 03:34:30 INFO mapreduce.JobSubmitter: Submitting tokens for job: job_1543099092534_0012
18/11/25 03:34:30 INFO impl.YarnClientImpl: Submitted application application_1543099092534_0012
18/11/25 03:34:30 INFO mapreduce.Job: The url to track the job: http://master:8088/proxy/application_1543099092534_0012/
18/11/25 03:34:30 INFO mapreduce.Job: Running job: job_1543099092534_0012
18/11/25 03:34:37 INFO mapreduce.Job: Job job_1543099092534_0012 running in uber mode : false
18/11/25 03:34:37 INFO mapreduce.Job:  map 0% reduce 0%
18/11/25 03:34:48 INFO mapreduce.Job:  map 3% reduce 0%
18/11/25 03:34:51 INFO mapreduce.Job:  map 4% reduce 0%
18/11/25 03:34:54 INFO mapreduce.Job:  map 8% reduce 0%
18/11/25 03:34:57 INFO mapreduce.Job:  map 11% reduce 0%
18/11/25 03:35:00 INFO mapreduce.Job:  map 15% reduce 0%
18/11/25 03:35:03 INFO mapreduce.Job:  map 17% reduce 0%
18/11/25 03:35:06 INFO mapreduce.Job:  map 21% reduce 0%
18/11/25 03:35:09 INFO mapreduce.Job:  map 22% reduce 0%
18/11/25 03:35:13 INFO mapreduce.Job:  map 24% reduce 0%
18/11/25 03:35:16 INFO mapreduce.Job:  map 25% reduce 0%
18/11/25 03:35:18 INFO mapreduce.Job:  map 33% reduce 0%
18/11/25 03:35:19 INFO mapreduce.Job:  map 35% reduce 0%
18/11/25 03:35:22 INFO mapreduce.Job:  map 37% reduce 0%
18/11/25 03:35:25 INFO mapreduce.Job:  map 38% reduce 0%
18/11/25 03:35:28 INFO mapreduce.Job:  map 39% reduce 0%
18/11/25 03:35:31 INFO mapreduce.Job:  map 40% reduce 0%
18/11/25 03:35:38 INFO mapreduce.Job:  map 40% reduce 8%
18/11/25 03:35:42 INFO mapreduce.Job:  map 42% reduce 8%
18/11/25 03:35:43 INFO mapreduce.Job:  map 43% reduce 8%
18/11/25 03:35:46 INFO mapreduce.Job:  map 44% reduce 8%
18/11/25 03:35:48 INFO mapreduce.Job:  map 46% reduce 8%
18/11/25 03:35:50 INFO mapreduce.Job:  map 47% reduce 8%
18/11/25 03:35:51 INFO mapreduce.Job:  map 48% reduce 8%
18/11/25 03:35:53 INFO mapreduce.Job:  map 49% reduce 8%
18/11/25 03:35:54 INFO mapreduce.Job:  map 51% reduce 8%
18/11/25 03:35:57 INFO mapreduce.Job:  map 52% reduce 8%
18/11/25 03:35:59 INFO mapreduce.Job:  map 53% reduce 8%
18/11/25 03:36:00 INFO mapreduce.Job:  map 54% reduce 8%
18/11/25 03:36:03 INFO mapreduce.Job:  map 55% reduce 8%
18/11/25 03:36:06 INFO mapreduce.Job:  map 56% reduce 8%
18/11/25 03:36:08 INFO mapreduce.Job:  map 65% reduce 8%
18/11/25 03:36:11 INFO mapreduce.Job:  map 65% reduce 17%
18/11/25 03:36:13 INFO mapreduce.Job:  map 66% reduce 17%
18/11/25 03:36:14 INFO mapreduce.Job:  map 67% reduce 17%
18/11/25 03:36:17 INFO mapreduce.Job:  map 69% reduce 17%
18/11/25 03:36:21 INFO mapreduce.Job:  map 70% reduce 17%
18/11/25 03:36:24 INFO mapreduce.Job:  map 72% reduce 17%
18/11/25 03:36:30 INFO mapreduce.Job:  map 74% reduce 17%
18/11/25 03:36:33 INFO mapreduce.Job:  map 76% reduce 17%
18/11/25 03:36:36 INFO mapreduce.Job:  map 78% reduce 17%
18/11/25 03:36:39 INFO mapreduce.Job:  map 87% reduce 17%
18/11/25 03:36:41 INFO mapreduce.Job:  map 87% reduce 25%
18/11/25 03:36:48 INFO mapreduce.Job:  map 88% reduce 25%
18/11/25 03:36:51 INFO mapreduce.Job:  map 89% reduce 25%
18/11/25 03:37:00 INFO mapreduce.Job:  map 90% reduce 25%
18/11/25 03:37:03 INFO mapreduce.Job:  map 91% reduce 25%
18/11/25 03:37:06 INFO mapreduce.Job:  map 92% reduce 25%
18/11/25 03:37:11 INFO mapreduce.Job:  map 100% reduce 33%
18/11/25 03:37:13 INFO mapreduce.Job:  map 100% reduce 100%
18/11/25 03:37:13 INFO mapreduce.Job: Job job_1543099092534_0012 completed successfully
18/11/25 03:37:13 INFO mapreduce.Job: Counters: 50
	File System Counters
		FILE: Number of bytes read=21588992
		FILE: Number of bytes written=24824176
		FILE: Number of read operations=0
		FILE: Number of large read operations=0
		FILE: Number of write operations=0
		HDFS: Number of bytes read=508441404
		HDFS: Number of bytes written=645980
		HDFS: Number of read operations=15
		HDFS: Number of large read operations=0
		HDFS: Number of write operations=2
	Job Counters 
		Killed map tasks=3
		Launched map tasks=7
		Launched reduce tasks=1
		Data-local map tasks=7
		Total time spent by all maps in occupied slots (ms)=590861
		Total time spent by all reduces in occupied slots (ms)=112460
		Total time spent by all map tasks (ms)=590861
		Total time spent by all reduce tasks (ms)=112460
		Total vcore-seconds taken by all map tasks=590861
		Total vcore-seconds taken by all reduce tasks=112460
		Total megabyte-seconds taken by all map tasks=605041664
		Total megabyte-seconds taken by all reduce tasks=115159040
	Map-Reduce Framework
		Map input records=9594528
		Map output records=91417984
		Map output bytes=826949184
		Map output materialized bytes=2656064
		Input split bytes=412
		Combine input records=92728387
		Combine output records=1494047
		Reduce input groups=45911
		Reduce shuffle bytes=2656064
		Reduce input records=183644
		Reduce output records=45911
		Spilled Records=1677691
		Shuffled Maps =4
		Failed Shuffles=0
		Merged Map outputs=4
		GC time elapsed (ms)=2654
		CPU time spent (ms)=172740
		Physical memory (bytes) snapshot=964063232
		Virtual memory (bytes) snapshot=10391465984
		Total committed heap usage (bytes)=663240704
	Shuffle Errors
		BAD_ID=0
		CONNECTION=0
		IO_ERROR=0
		WRONG_LENGTH=0
		WRONG_MAP=0
		WRONG_REDUCE=0
	File Input Format Counters 
		Bytes Read=508440992
	File Output Format Counters 
		Bytes Written=645980
18/11/25 03:37:13 INFO client.RMProxy: Connecting to ResourceManager at master/172.16.1.1:8032
18/11/25 03:37:13 INFO input.FileInputFormat: Total input paths to process : 1
18/11/25 03:37:14 INFO mapreduce.JobSubmitter: number of splits:1
18/11/25 03:37:14 INFO mapreduce.JobSubmitter: Submitting tokens for job: job_1543099092534_0013
18/11/25 03:37:14 INFO impl.YarnClientImpl: Submitted application application_1543099092534_0013
18/11/25 03:37:14 INFO mapreduce.Job: The url to track the job: http://master:8088/proxy/application_1543099092534_0013/
18/11/25 03:37:14 INFO mapreduce.Job: Running job: job_1543099092534_0013
18/11/25 03:37:25 INFO mapreduce.Job: Job job_1543099092534_0013 running in uber mode : false
18/11/25 03:37:25 INFO mapreduce.Job:  map 0% reduce 0%
18/11/25 03:37:31 INFO mapreduce.Job:  map 100% reduce 0%
18/11/25 03:37:38 INFO mapreduce.Job:  map 100% reduce 100%
18/11/25 03:37:38 INFO mapreduce.Job: Job job_1543099092534_0013 completed successfully
18/11/25 03:37:38 INFO mapreduce.Job: Counters: 49
	File System Counters
		FILE: Number of bytes read=709927
		FILE: Number of bytes written=1651413
		FILE: Number of read operations=0
		FILE: Number of large read operations=0
		FILE: Number of write operations=0
		HDFS: Number of bytes read=646101
		HDFS: Number of bytes written=691891
		HDFS: Number of read operations=6
		HDFS: Number of large read operations=0
		HDFS: Number of write operations=2
	Job Counters 
		Launched map tasks=1
		Launched reduce tasks=1
		Data-local map tasks=1
		Total time spent by all maps in occupied slots (ms)=3997
		Total time spent by all reduces in occupied slots (ms)=3932
		Total time spent by all map tasks (ms)=3997
		Total time spent by all reduce tasks (ms)=3932
		Total vcore-seconds taken by all map tasks=3997
		Total vcore-seconds taken by all reduce tasks=3932
		Total megabyte-seconds taken by all map tasks=4092928
		Total megabyte-seconds taken by all reduce tasks=4026368
	Map-Reduce Framework
		Map input records=45911
		Map output records=45911
		Map output bytes=618099
		Map output materialized bytes=709927
		Input split bytes=121
		Combine input records=0
		Combine output records=0
		Reduce input groups=949
		Reduce shuffle bytes=709927
		Reduce input records=45911
		Reduce output records=45911
		Spilled Records=91822
		Shuffled Maps =1
		Failed Shuffles=0
		Merged Map outputs=1
		GC time elapsed (ms)=96
		CPU time spent (ms)=1870
		Physical memory (bytes) snapshot=307449856
		Virtual memory (bytes) snapshot=4156862464
		Total committed heap usage (bytes)=202379264
	Shuffle Errors
		BAD_ID=0
		CONNECTION=0
		IO_ERROR=0
		WRONG_LENGTH=0
		WRONG_MAP=0
		WRONG_REDUCE=0
	File Input Format Counters 
		Bytes Read=645980
	File Output Format Counters 
		Bytes Written=691891
