18/11/25 05:39:35 INFO client.RMProxy: Connecting to ResourceManager at master/172.16.1.1:8032
18/11/25 05:39:36 INFO input.FileInputFormat: Total input paths to process : 32
18/11/25 05:39:36 INFO mapreduce.JobSubmitter: number of splits:32
18/11/25 05:39:36 INFO mapreduce.JobSubmitter: Submitting tokens for job: job_1543099092534_0033
18/11/25 05:39:36 INFO impl.YarnClientImpl: Submitted application application_1543099092534_0033
18/11/25 05:39:36 INFO mapreduce.Job: The url to track the job: http://master:8088/proxy/application_1543099092534_0033/
18/11/25 05:39:36 INFO mapreduce.Job: Running job: job_1543099092534_0033
18/11/25 05:39:44 INFO mapreduce.Job: Job job_1543099092534_0033 running in uber mode : false
18/11/25 05:39:44 INFO mapreduce.Job:  map 0% reduce 0%
18/11/25 05:40:20 INFO mapreduce.Job:  map 1% reduce 0%
18/11/25 05:40:26 INFO mapreduce.Job:  map 2% reduce 0%
18/11/25 05:40:31 INFO mapreduce.Job:  map 3% reduce 0%
18/11/25 05:40:34 INFO mapreduce.Job:  map 4% reduce 0%
18/11/25 05:40:38 INFO mapreduce.Job:  map 5% reduce 0%
18/11/25 05:40:42 INFO mapreduce.Job:  map 6% reduce 0%
18/11/25 05:40:46 INFO mapreduce.Job:  map 7% reduce 0%
18/11/25 05:40:51 INFO mapreduce.Job:  map 8% reduce 0%
18/11/25 05:40:56 INFO mapreduce.Job:  map 9% reduce 0%
18/11/25 05:41:00 INFO mapreduce.Job:  map 10% reduce 0%
18/11/25 05:41:09 INFO mapreduce.Job:  map 11% reduce 0%
18/11/25 05:41:20 INFO mapreduce.Job:  map 12% reduce 0%
18/11/25 05:41:26 INFO mapreduce.Job:  map 13% reduce 0%
18/11/25 05:41:36 INFO mapreduce.Job:  map 14% reduce 0%
18/11/25 05:41:51 INFO mapreduce.Job:  map 15% reduce 0%
18/11/25 05:41:56 INFO mapreduce.Job:  map 16% reduce 0%
18/11/25 05:42:01 INFO mapreduce.Job:  map 17% reduce 0%
18/11/25 05:42:07 INFO mapreduce.Job:  map 18% reduce 0%
18/11/25 05:42:11 INFO mapreduce.Job:  map 19% reduce 0%
18/11/25 05:42:15 INFO mapreduce.Job:  map 20% reduce 0%
18/11/25 05:42:20 INFO mapreduce.Job:  map 21% reduce 0%
18/11/25 05:42:25 INFO mapreduce.Job:  map 22% reduce 0%
18/11/25 05:42:31 INFO mapreduce.Job:  map 23% reduce 0%
18/11/25 05:42:40 INFO mapreduce.Job:  map 24% reduce 0%
18/11/25 05:43:03 INFO mapreduce.Job:  map 25% reduce 0%
18/11/25 05:43:06 INFO mapreduce.Job:  map 26% reduce 0%
18/11/25 05:43:11 INFO mapreduce.Job:  map 27% reduce 0%
18/11/25 05:43:14 INFO mapreduce.Job:  map 28% reduce 0%
18/11/25 05:43:17 INFO mapreduce.Job:  map 29% reduce 0%
18/11/25 05:43:21 INFO mapreduce.Job:  map 30% reduce 0%
18/11/25 05:43:25 INFO mapreduce.Job:  map 31% reduce 0%
18/11/25 05:43:31 INFO mapreduce.Job:  map 32% reduce 0%
18/11/25 05:43:39 INFO mapreduce.Job:  map 33% reduce 0%
18/11/25 05:43:54 INFO mapreduce.Job:  map 34% reduce 0%
18/11/25 05:44:03 INFO mapreduce.Job:  map 35% reduce 0%
18/11/25 05:44:12 INFO mapreduce.Job:  map 36% reduce 0%
18/11/25 05:44:17 INFO mapreduce.Job:  map 37% reduce 0%
18/11/25 05:44:23 INFO mapreduce.Job:  map 38% reduce 0%
18/11/25 05:44:28 INFO mapreduce.Job:  map 39% reduce 0%
18/11/25 05:44:33 INFO mapreduce.Job:  map 40% reduce 0%
18/11/25 05:44:36 INFO mapreduce.Job:  map 41% reduce 0%
18/11/25 05:44:42 INFO mapreduce.Job:  map 42% reduce 0%
18/11/25 05:44:48 INFO mapreduce.Job:  map 43% reduce 0%
18/11/25 05:44:54 INFO mapreduce.Job:  map 44% reduce 0%
18/11/25 05:45:01 INFO mapreduce.Job:  map 45% reduce 0%
18/11/25 05:45:12 INFO mapreduce.Job:  map 46% reduce 0%
18/11/25 05:45:21 INFO mapreduce.Job:  map 47% reduce 0%
18/11/25 05:45:25 INFO mapreduce.Job:  map 48% reduce 0%
18/11/25 05:45:28 INFO mapreduce.Job:  map 49% reduce 0%
18/11/25 05:45:32 INFO mapreduce.Job:  map 50% reduce 0%
18/11/25 05:45:36 INFO mapreduce.Job:  map 51% reduce 0%
18/11/25 05:45:40 INFO mapreduce.Job:  map 52% reduce 0%
18/11/25 05:46:07 INFO mapreduce.Job:  map 53% reduce 0%
18/11/25 05:46:11 INFO mapreduce.Job:  map 53% reduce 1%
18/11/25 05:46:13 INFO mapreduce.Job:  map 54% reduce 1%
18/11/25 05:46:14 INFO mapreduce.Job:  map 54% reduce 2%
18/11/25 05:46:18 INFO mapreduce.Job:  map 55% reduce 2%
18/11/25 05:46:20 INFO mapreduce.Job:  map 55% reduce 3%
18/11/25 05:46:22 INFO mapreduce.Job:  map 56% reduce 3%
18/11/25 05:46:23 INFO mapreduce.Job:  map 56% reduce 4%
18/11/25 05:46:26 INFO mapreduce.Job:  map 57% reduce 5%
18/11/25 05:46:28 INFO mapreduce.Job:  map 57% reduce 6%
18/11/25 05:46:30 INFO mapreduce.Job:  map 58% reduce 6%
18/11/25 05:46:35 INFO mapreduce.Job:  map 59% reduce 6%
18/11/25 05:46:38 INFO mapreduce.Job:  map 60% reduce 6%
18/11/25 05:46:42 INFO mapreduce.Job:  map 61% reduce 6%
18/11/25 05:46:48 INFO mapreduce.Job:  map 62% reduce 6%
18/11/25 05:46:53 INFO mapreduce.Job:  map 63% reduce 6%
18/11/25 05:46:58 INFO mapreduce.Job:  map 64% reduce 6%
18/11/25 05:47:03 INFO mapreduce.Job:  map 65% reduce 6%
18/11/25 05:47:09 INFO mapreduce.Job:  map 66% reduce 6%
18/11/25 05:47:13 INFO mapreduce.Job:  map 67% reduce 6%
18/11/25 05:47:17 INFO mapreduce.Job:  map 68% reduce 6%
18/11/25 05:47:20 INFO mapreduce.Job:  map 69% reduce 6%
18/11/25 05:47:25 INFO mapreduce.Job:  map 70% reduce 6%
18/11/25 05:47:30 INFO mapreduce.Job:  map 71% reduce 6%
18/11/25 05:47:34 INFO mapreduce.Job:  map 72% reduce 6%
18/11/25 05:47:39 INFO mapreduce.Job:  map 73% reduce 6%
18/11/25 05:47:42 INFO mapreduce.Job:  map 73% reduce 7%
18/11/25 05:47:45 INFO mapreduce.Job:  map 73% reduce 8%
18/11/25 05:47:48 INFO mapreduce.Job:  map 74% reduce 9%
18/11/25 05:47:51 INFO mapreduce.Job:  map 74% reduce 10%
18/11/25 05:47:54 INFO mapreduce.Job:  map 74% reduce 11%
18/11/25 05:47:57 INFO mapreduce.Job:  map 74% reduce 14%
18/11/25 05:48:00 INFO mapreduce.Job:  map 74% reduce 15%
18/11/25 05:48:02 INFO mapreduce.Job:  map 75% reduce 15%
18/11/25 05:48:04 INFO mapreduce.Job:  map 75% reduce 16%
18/11/25 05:48:07 INFO mapreduce.Job:  map 75% reduce 18%
18/11/25 05:48:08 INFO mapreduce.Job:  map 76% reduce 18%
18/11/25 05:48:10 INFO mapreduce.Job:  map 76% reduce 19%
18/11/25 05:48:13 INFO mapreduce.Job:  map 76% reduce 20%
18/11/25 05:48:14 INFO mapreduce.Job:  map 77% reduce 20%
18/11/25 05:48:16 INFO mapreduce.Job:  map 77% reduce 21%
18/11/25 05:48:19 INFO mapreduce.Job:  map 78% reduce 22%
18/11/25 05:48:22 INFO mapreduce.Job:  map 78% reduce 23%
18/11/25 05:48:24 INFO mapreduce.Job:  map 79% reduce 23%
18/11/25 05:48:28 INFO mapreduce.Job:  map 80% reduce 23%
18/11/25 05:48:31 INFO mapreduce.Job:  map 81% reduce 23%
18/11/25 05:48:40 INFO mapreduce.Job:  map 81% reduce 24%
18/11/25 05:48:44 INFO mapreduce.Job:  map 82% reduce 24%
18/11/25 05:49:08 INFO mapreduce.Job:  map 83% reduce 24%
18/11/25 05:49:15 INFO mapreduce.Job:  map 84% reduce 24%
18/11/25 05:49:21 INFO mapreduce.Job:  map 85% reduce 24%
18/11/25 05:49:30 INFO mapreduce.Job:  map 86% reduce 24%
18/11/25 05:49:53 INFO mapreduce.Job:  map 87% reduce 24%
18/11/25 05:50:04 INFO mapreduce.Job:  map 88% reduce 24%
18/11/25 05:50:19 INFO mapreduce.Job:  map 89% reduce 24%
18/11/25 05:50:32 INFO mapreduce.Job:  map 90% reduce 24%
18/11/25 05:50:43 INFO mapreduce.Job:  map 91% reduce 24%
18/11/25 05:50:53 INFO mapreduce.Job:  map 92% reduce 24%
18/11/25 05:50:59 INFO mapreduce.Job:  map 93% reduce 24%
18/11/25 05:51:04 INFO mapreduce.Job:  map 93% reduce 25%
18/11/25 05:51:08 INFO mapreduce.Job:  map 94% reduce 25%
18/11/25 05:51:20 INFO mapreduce.Job:  map 95% reduce 25%
18/11/25 05:51:34 INFO mapreduce.Job:  map 96% reduce 25%
18/11/25 05:51:42 INFO mapreduce.Job:  map 97% reduce 25%
18/11/25 05:51:46 INFO mapreduce.Job:  map 97% reduce 26%
18/11/25 05:51:49 INFO mapreduce.Job:  map 97% reduce 27%
18/11/25 05:51:52 INFO mapreduce.Job:  map 97% reduce 29%
18/11/25 05:51:59 INFO mapreduce.Job:  map 98% reduce 29%
18/11/25 05:52:05 INFO mapreduce.Job:  map 98% reduce 30%
18/11/25 05:52:17 INFO mapreduce.Job:  map 99% reduce 30%
18/11/25 05:52:31 INFO mapreduce.Job:  map 99% reduce 31%
18/11/25 05:52:38 INFO mapreduce.Job:  map 100% reduce 31%
18/11/25 05:52:50 INFO mapreduce.Job:  map 100% reduce 32%
18/11/25 05:52:53 INFO mapreduce.Job:  map 100% reduce 33%
18/11/25 05:55:24 INFO mapreduce.Job:  map 100% reduce 34%
18/11/25 05:55:26 INFO mapreduce.Job:  map 100% reduce 35%
18/11/25 05:55:29 INFO mapreduce.Job:  map 100% reduce 37%
18/11/25 05:55:32 INFO mapreduce.Job:  map 100% reduce 39%
18/11/25 05:55:35 INFO mapreduce.Job:  map 100% reduce 40%
18/11/25 05:55:38 INFO mapreduce.Job:  map 100% reduce 42%
18/11/25 05:55:41 INFO mapreduce.Job:  map 100% reduce 44%
18/11/25 05:55:44 INFO mapreduce.Job:  map 100% reduce 45%
18/11/25 05:55:47 INFO mapreduce.Job:  map 100% reduce 47%
18/11/25 05:55:50 INFO mapreduce.Job:  map 100% reduce 49%
18/11/25 05:55:54 INFO mapreduce.Job:  map 100% reduce 50%
18/11/25 05:55:57 INFO mapreduce.Job:  map 100% reduce 52%
18/11/25 05:56:00 INFO mapreduce.Job:  map 100% reduce 54%
18/11/25 05:56:03 INFO mapreduce.Job:  map 100% reduce 55%
18/11/25 05:56:06 INFO mapreduce.Job:  map 100% reduce 57%
18/11/25 05:56:09 INFO mapreduce.Job:  map 100% reduce 59%
18/11/25 05:56:11 INFO mapreduce.Job:  map 100% reduce 60%
18/11/25 05:56:14 INFO mapreduce.Job:  map 100% reduce 62%
18/11/25 05:56:17 INFO mapreduce.Job:  map 100% reduce 64%
18/11/25 05:56:20 INFO mapreduce.Job:  map 100% reduce 65%
18/11/25 05:56:23 INFO mapreduce.Job:  map 100% reduce 67%
18/11/25 05:56:36 INFO mapreduce.Job:  map 100% reduce 68%
18/11/25 05:56:48 INFO mapreduce.Job:  map 100% reduce 69%
18/11/25 05:57:00 INFO mapreduce.Job:  map 100% reduce 70%
18/11/25 05:57:08 INFO mapreduce.Job:  map 100% reduce 71%
18/11/25 05:57:18 INFO mapreduce.Job:  map 100% reduce 72%
18/11/25 05:57:30 INFO mapreduce.Job:  map 100% reduce 73%
18/11/25 05:57:39 INFO mapreduce.Job:  map 100% reduce 74%
18/11/25 05:57:51 INFO mapreduce.Job:  map 100% reduce 75%
18/11/25 05:58:00 INFO mapreduce.Job:  map 100% reduce 76%
18/11/25 05:58:12 INFO mapreduce.Job:  map 100% reduce 77%
18/11/25 05:58:24 INFO mapreduce.Job:  map 100% reduce 78%
18/11/25 05:58:33 INFO mapreduce.Job:  map 100% reduce 79%
18/11/25 05:58:45 INFO mapreduce.Job:  map 100% reduce 80%
18/11/25 05:58:58 INFO mapreduce.Job:  map 100% reduce 81%
18/11/25 05:59:10 INFO mapreduce.Job:  map 100% reduce 82%
18/11/25 05:59:18 INFO mapreduce.Job:  map 100% reduce 83%
18/11/25 05:59:30 INFO mapreduce.Job:  map 100% reduce 84%
18/11/25 05:59:43 INFO mapreduce.Job:  map 100% reduce 85%
18/11/25 05:59:52 INFO mapreduce.Job:  map 100% reduce 86%
18/11/25 06:00:04 INFO mapreduce.Job:  map 100% reduce 87%
18/11/25 06:00:15 INFO mapreduce.Job:  map 100% reduce 88%
18/11/25 06:00:24 INFO mapreduce.Job:  map 100% reduce 89%
18/11/25 06:00:37 INFO mapreduce.Job:  map 100% reduce 90%
18/11/25 06:00:46 INFO mapreduce.Job:  map 100% reduce 91%
18/11/25 06:00:58 INFO mapreduce.Job:  map 100% reduce 92%
18/11/25 06:01:10 INFO mapreduce.Job:  map 100% reduce 93%
18/11/25 06:01:22 INFO mapreduce.Job:  map 100% reduce 94%
18/11/25 06:01:31 INFO mapreduce.Job:  map 100% reduce 95%
18/11/25 06:01:43 INFO mapreduce.Job:  map 100% reduce 96%
18/11/25 06:01:52 INFO mapreduce.Job:  map 100% reduce 97%
18/11/25 06:02:04 INFO mapreduce.Job:  map 100% reduce 98%
18/11/25 06:02:17 INFO mapreduce.Job:  map 100% reduce 99%
18/11/25 06:02:26 INFO mapreduce.Job:  map 100% reduce 100%
18/11/25 06:02:31 INFO mapreduce.Job: Job job_1543099092534_0033 completed successfully
18/11/25 06:02:31 INFO mapreduce.Job: Counters: 50
	File System Counters
		FILE: Number of bytes read=19128237600
		FILE: Number of bytes written=26036703184
		FILE: Number of read operations=0
		FILE: Number of large read operations=0
		FILE: Number of write operations=0
		HDFS: Number of bytes read=2351564340
		HDFS: Number of bytes written=8283411
		HDFS: Number of read operations=99
		HDFS: Number of large read operations=0
		HDFS: Number of write operations=2
	Job Counters 
		Killed map tasks=2
		Launched map tasks=34
		Launched reduce tasks=1
		Data-local map tasks=34
		Total time spent by all maps in occupied slots (ms)=13319288
		Total time spent by all reduces in occupied slots (ms)=1006692
		Total time spent by all map tasks (ms)=13319288
		Total time spent by all reduce tasks (ms)=1006692
		Total vcore-seconds taken by all map tasks=13319288
		Total vcore-seconds taken by all reduce tasks=1006692
		Total megabyte-seconds taken by all map tasks=13638950912
		Total megabyte-seconds taken by all reduce tasks=1030852608
	Map-Reduce Framework
		Map input records=63491700
		Map output records=400959630
		Map output bytes=6102730639
		Map output materialized bytes=6904650091
		Input split bytes=3639
		Combine input records=0
		Combine output records=0
		Reduce input groups=30193
		Reduce shuffle bytes=6904650091
		Reduce input records=400959630
		Reduce output records=30193
		Spilled Records=1513281219
		Shuffled Maps =32
		Failed Shuffles=0
		Merged Map outputs=32
		GC time elapsed (ms)=49965
		CPU time spent (ms)=2396790
		Physical memory (bytes) snapshot=6669414400
		Virtual memory (bytes) snapshot=68636794880
		Total committed heap usage (bytes)=4964614144
	Shuffle Errors
		BAD_ID=0
		CONNECTION=0
		IO_ERROR=0
		WRONG_LENGTH=0
		WRONG_MAP=0
		WRONG_REDUCE=0
	File Input Format Counters 
		Bytes Read=2351560701
	File Output Format Counters 
		Bytes Written=8283411
