18/11/25 05:04:14 INFO Configuration.deprecation: key.value.separator.in.input.line is deprecated. Instead, use mapreduce.input.keyvaluelinerecordreader.key.value.separator
18/11/25 05:04:15 INFO client.RMProxy: Connecting to ResourceManager at master/172.16.1.1:8032
18/11/25 05:04:15 INFO input.FileInputFormat: Total input paths to process : 1
18/11/25 05:04:16 INFO mapreduce.JobSubmitter: number of splits:1
18/11/25 05:04:16 INFO mapreduce.JobSubmitter: Submitting tokens for job: job_1543099092534_0029
18/11/25 05:04:16 INFO impl.YarnClientImpl: Submitted application application_1543099092534_0029
18/11/25 05:04:16 INFO mapreduce.Job: The url to track the job: http://master:8088/proxy/application_1543099092534_0029/
18/11/25 05:04:16 INFO mapreduce.Job: Running job: job_1543099092534_0029
18/11/25 05:04:22 INFO mapreduce.Job: Job job_1543099092534_0029 running in uber mode : false
18/11/25 05:04:22 INFO mapreduce.Job:  map 0% reduce 0%
18/11/25 05:04:34 INFO mapreduce.Job:  map 20% reduce 0%
18/11/25 05:04:43 INFO mapreduce.Job:  map 33% reduce 0%
18/11/25 05:04:46 INFO mapreduce.Job:  map 35% reduce 0%
18/11/25 05:04:55 INFO mapreduce.Job:  map 50% reduce 0%
18/11/25 05:04:58 INFO mapreduce.Job:  map 51% reduce 0%
18/11/25 05:05:07 INFO mapreduce.Job:  map 66% reduce 0%
18/11/25 05:05:11 INFO mapreduce.Job:  map 67% reduce 0%
18/11/25 05:05:23 INFO mapreduce.Job:  map 69% reduce 0%
18/11/25 05:05:26 INFO mapreduce.Job:  map 80% reduce 0%
18/11/25 05:05:29 INFO mapreduce.Job:  map 86% reduce 0%
18/11/25 05:05:31 INFO mapreduce.Job:  map 93% reduce 0%
18/11/25 05:05:34 INFO mapreduce.Job:  map 100% reduce 0%
18/11/25 05:05:50 INFO mapreduce.Job:  map 100% reduce 4%
18/11/25 05:05:51 INFO mapreduce.Job:  map 100% reduce 12%
18/11/25 05:05:52 INFO mapreduce.Job:  map 100% reduce 18%
18/11/25 05:05:54 INFO mapreduce.Job:  map 100% reduce 20%
18/11/25 05:05:56 INFO mapreduce.Job:  map 100% reduce 21%
18/11/25 05:05:57 INFO mapreduce.Job:  map 100% reduce 29%
18/11/25 05:05:59 INFO mapreduce.Job:  map 100% reduce 33%
18/11/25 05:06:00 INFO mapreduce.Job:  map 100% reduce 40%
18/11/25 05:06:01 INFO mapreduce.Job:  map 100% reduce 45%
18/11/25 05:06:02 INFO mapreduce.Job:  map 100% reduce 66%
18/11/25 05:06:03 INFO mapreduce.Job:  map 100% reduce 67%
18/11/25 05:06:04 INFO mapreduce.Job:  map 100% reduce 76%
18/11/25 05:06:05 INFO mapreduce.Job:  map 100% reduce 77%
18/11/25 05:06:06 INFO mapreduce.Job:  map 100% reduce 81%
18/11/25 05:06:07 INFO mapreduce.Job:  map 100% reduce 83%
18/11/25 05:06:09 INFO mapreduce.Job:  map 100% reduce 88%
18/11/25 05:06:10 INFO mapreduce.Job:  map 100% reduce 93%
18/11/25 05:06:12 INFO mapreduce.Job:  map 100% reduce 96%
18/11/25 05:06:13 INFO mapreduce.Job:  map 100% reduce 97%
18/11/25 05:06:14 INFO mapreduce.Job:  map 100% reduce 98%
18/11/25 05:06:15 INFO mapreduce.Job:  map 100% reduce 99%
18/11/25 05:06:16 INFO mapreduce.Job:  map 100% reduce 100%
18/11/25 05:06:17 INFO mapreduce.Job: Job job_1543099092534_0029 completed successfully
18/11/25 05:06:17 INFO mapreduce.Job: Counters: 50
	File System Counters
		FILE: Number of bytes read=433033524
		FILE: Number of bytes written=651318137
		FILE: Number of read operations=0
		FILE: Number of large read operations=0
		FILE: Number of write operations=0
		HDFS: Number of bytes read=131430976
		HDFS: Number of bytes written=131430875
		HDFS: Number of read operations=51
		HDFS: Number of large read operations=0
		HDFS: Number of write operations=32
	Job Counters 
		Killed reduce tasks=2
		Launched map tasks=1
		Launched reduce tasks=18
		Data-local map tasks=1
		Total time spent by all maps in occupied slots (ms)=69733
		Total time spent by all reduces in occupied slots (ms)=401086
		Total time spent by all map tasks (ms)=69733
		Total time spent by all reduce tasks (ms)=401086
		Total vcore-seconds taken by all map tasks=69733
		Total vcore-seconds taken by all reduce tasks=401086
		Total megabyte-seconds taken by all map tasks=71406592
		Total megabyte-seconds taken by all reduce tasks=410712064
	Map-Reduce Framework
		Map input records=10000000
		Map output records=10000000
		Map output bytes=196446121
		Map output materialized bytes=216446217
		Input split bytes=101
		Combine input records=0
		Combine output records=0
		Reduce input groups=49
		Reduce shuffle bytes=216446217
		Reduce input records=10000000
		Reduce output records=10000000
		Spilled Records=30000000
		Shuffled Maps =16
		Failed Shuffles=0
		Merged Map outputs=16
		GC time elapsed (ms)=1987
		CPU time spent (ms)=101880
		Physical memory (bytes) snapshot=2012536832
		Virtual memory (bytes) snapshot=35410812928
		Total committed heap usage (bytes)=961961984
	Shuffle Errors
		BAD_ID=0
		CONNECTION=0
		IO_ERROR=0
		WRONG_LENGTH=0
		WRONG_MAP=0
		WRONG_REDUCE=0
	File Input Format Counters 
		Bytes Read=131430875
	File Output Format Counters 
		Bytes Written=131430875
