18/11/25 05:11:35 INFO Configuration.deprecation: key.value.separator.in.input.line is deprecated. Instead, use mapreduce.input.keyvaluelinerecordreader.key.value.separator
18/11/25 05:11:36 INFO client.RMProxy: Connecting to ResourceManager at master/172.16.1.1:8032
18/11/25 05:11:37 INFO input.FileInputFormat: Total input paths to process : 1
18/11/25 05:11:37 INFO mapreduce.JobSubmitter: number of splits:1
18/11/25 05:11:37 INFO mapreduce.JobSubmitter: Submitting tokens for job: job_1543099092534_0030
18/11/25 05:11:37 INFO impl.YarnClientImpl: Submitted application application_1543099092534_0030
18/11/25 05:11:37 INFO mapreduce.Job: The url to track the job: http://master:8088/proxy/application_1543099092534_0030/
18/11/25 05:11:37 INFO mapreduce.Job: Running job: job_1543099092534_0030
18/11/25 05:11:43 INFO mapreduce.Job: Job job_1543099092534_0030 running in uber mode : false
18/11/25 05:11:43 INFO mapreduce.Job:  map 0% reduce 0%
18/11/25 05:11:54 INFO mapreduce.Job:  map 20% reduce 0%
18/11/25 05:12:04 INFO mapreduce.Job:  map 35% reduce 0%
18/11/25 05:12:13 INFO mapreduce.Job:  map 47% reduce 0%
18/11/25 05:12:17 INFO mapreduce.Job:  map 51% reduce 0%
18/11/25 05:12:26 INFO mapreduce.Job:  map 67% reduce 0%
18/11/25 05:12:41 INFO mapreduce.Job:  map 76% reduce 0%
18/11/25 05:12:44 INFO mapreduce.Job:  map 85% reduce 0%
18/11/25 05:12:47 INFO mapreduce.Job:  map 93% reduce 0%
18/11/25 05:12:50 INFO mapreduce.Job:  map 98% reduce 0%
18/11/25 05:12:51 INFO mapreduce.Job:  map 100% reduce 0%
18/11/25 05:13:06 INFO mapreduce.Job:  map 100% reduce 4%
18/11/25 05:13:07 INFO mapreduce.Job:  map 100% reduce 6%
18/11/25 05:13:09 INFO mapreduce.Job:  map 100% reduce 7%
18/11/25 05:13:10 INFO mapreduce.Job:  map 100% reduce 8%
18/11/25 05:13:13 INFO mapreduce.Job:  map 100% reduce 12%
18/11/25 05:13:14 INFO mapreduce.Job:  map 100% reduce 15%
18/11/25 05:13:15 INFO mapreduce.Job:  map 100% reduce 18%
18/11/25 05:13:17 INFO mapreduce.Job:  map 100% reduce 19%
18/11/25 05:13:18 INFO mapreduce.Job:  map 100% reduce 21%
18/11/25 05:13:19 INFO mapreduce.Job:  map 100% reduce 24%
18/11/25 05:13:20 INFO mapreduce.Job:  map 100% reduce 27%
18/11/25 05:13:22 INFO mapreduce.Job:  map 100% reduce 31%
18/11/25 05:13:23 INFO mapreduce.Job:  map 100% reduce 35%
18/11/25 05:13:25 INFO mapreduce.Job:  map 100% reduce 37%
18/11/25 05:13:27 INFO mapreduce.Job:  map 100% reduce 43%
18/11/25 05:13:28 INFO mapreduce.Job:  map 100% reduce 46%
18/11/25 05:13:29 INFO mapreduce.Job:  map 100% reduce 50%
18/11/25 05:13:30 INFO mapreduce.Job:  map 100% reduce 51%
18/11/25 05:13:31 INFO mapreduce.Job:  map 100% reduce 57%
18/11/25 05:13:33 INFO mapreduce.Job:  map 100% reduce 60%
18/11/25 05:13:34 INFO mapreduce.Job:  map 100% reduce 64%
18/11/25 05:13:36 INFO mapreduce.Job:  map 100% reduce 66%
18/11/25 05:13:37 INFO mapreduce.Job:  map 100% reduce 69%
18/11/25 05:13:39 INFO mapreduce.Job:  map 100% reduce 70%
18/11/25 05:13:40 INFO mapreduce.Job:  map 100% reduce 71%
18/11/25 05:13:42 INFO mapreduce.Job:  map 100% reduce 74%
18/11/25 05:13:43 INFO mapreduce.Job:  map 100% reduce 83%
18/11/25 05:13:46 INFO mapreduce.Job:  map 100% reduce 89%
18/11/25 05:13:47 INFO mapreduce.Job:  map 100% reduce 95%
18/11/25 05:13:48 INFO mapreduce.Job:  map 100% reduce 98%
18/11/25 05:13:50 INFO mapreduce.Job:  map 100% reduce 100%
18/11/25 05:13:51 INFO mapreduce.Job: Job job_1543099092534_0030 completed successfully
18/11/25 05:13:51 INFO mapreduce.Job: Counters: 50
	File System Counters
		FILE: Number of bytes read=433283476
		FILE: Number of bytes written=653181497
		FILE: Number of read operations=0
		FILE: Number of large read operations=0
		FILE: Number of write operations=0
		HDFS: Number of bytes read=131430976
		HDFS: Number of bytes written=131430875
		HDFS: Number of read operations=99
		HDFS: Number of large read operations=0
		HDFS: Number of write operations=64
	Job Counters 
		Killed reduce tasks=2
		Launched map tasks=1
		Launched reduce tasks=34
		Data-local map tasks=1
		Total time spent by all maps in occupied slots (ms)=65051
		Total time spent by all reduces in occupied slots (ms)=923824
		Total time spent by all map tasks (ms)=65051
		Total time spent by all reduce tasks (ms)=923824
		Total vcore-seconds taken by all map tasks=65051
		Total vcore-seconds taken by all reduce tasks=923824
		Total megabyte-seconds taken by all map tasks=66612224
		Total megabyte-seconds taken by all reduce tasks=945995776
	Map-Reduce Framework
		Map input records=10000000
		Map output records=10000000
		Map output bytes=196446121
		Map output materialized bytes=216446313
		Input split bytes=101
		Combine input records=0
		Combine output records=0
		Reduce input groups=49
		Reduce shuffle bytes=216446313
		Reduce input records=10000000
		Reduce output records=10000000
		Spilled Records=30000000
		Shuffled Maps =32
		Failed Shuffles=0
		Merged Map outputs=32
		GC time elapsed (ms)=3365
		CPU time spent (ms)=113490
		Physical memory (bytes) snapshot=3560816640
		Virtual memory (bytes) snapshot=68719538176
		Total committed heap usage (bytes)=1713901568
	Shuffle Errors
		BAD_ID=0
		CONNECTION=0
		IO_ERROR=0
		WRONG_LENGTH=0
		WRONG_MAP=0
		WRONG_REDUCE=0
	File Input Format Counters 
		Bytes Read=131430875
	File Output Format Counters 
		Bytes Written=131430875
