18/11/25 04:54:39 INFO Configuration.deprecation: key.value.separator.in.input.line is deprecated. Instead, use mapreduce.input.keyvaluelinerecordreader.key.value.separator
18/11/25 04:54:40 INFO client.RMProxy: Connecting to ResourceManager at master/172.16.1.1:8032
18/11/25 04:54:41 INFO input.FileInputFormat: Total input paths to process : 1
18/11/25 04:54:41 INFO mapreduce.JobSubmitter: number of splits:1
18/11/25 04:54:41 INFO mapreduce.JobSubmitter: Submitting tokens for job: job_1543099092534_0028
18/11/25 04:54:41 INFO impl.YarnClientImpl: Submitted application application_1543099092534_0028
18/11/25 04:54:41 INFO mapreduce.Job: The url to track the job: http://master:8088/proxy/application_1543099092534_0028/
18/11/25 04:54:41 INFO mapreduce.Job: Running job: job_1543099092534_0028
18/11/25 04:54:47 INFO mapreduce.Job: Job job_1543099092534_0028 running in uber mode : false
18/11/25 04:54:47 INFO mapreduce.Job:  map 0% reduce 0%
18/11/25 04:54:58 INFO mapreduce.Job:  map 20% reduce 0%
18/11/25 04:55:08 INFO mapreduce.Job:  map 35% reduce 0%
18/11/25 04:55:20 INFO mapreduce.Job:  map 51% reduce 0%
18/11/25 04:55:32 INFO mapreduce.Job:  map 67% reduce 0%
18/11/25 04:55:47 INFO mapreduce.Job:  map 72% reduce 0%
18/11/25 04:55:50 INFO mapreduce.Job:  map 79% reduce 0%
18/11/25 04:55:53 INFO mapreduce.Job:  map 92% reduce 0%
18/11/25 04:55:56 INFO mapreduce.Job:  map 96% reduce 0%
18/11/25 04:55:58 INFO mapreduce.Job:  map 100% reduce 0%
18/11/25 04:56:10 INFO mapreduce.Job:  map 100% reduce 13%
18/11/25 04:56:11 INFO mapreduce.Job:  map 100% reduce 23%
18/11/25 04:56:12 INFO mapreduce.Job:  map 100% reduce 42%
18/11/25 04:56:15 INFO mapreduce.Job:  map 100% reduce 58%
18/11/25 04:56:16 INFO mapreduce.Job:  map 100% reduce 68%
18/11/25 04:56:17 INFO mapreduce.Job:  map 100% reduce 77%
18/11/25 04:56:18 INFO mapreduce.Job:  map 100% reduce 91%
18/11/25 04:56:19 INFO mapreduce.Job:  map 100% reduce 93%
18/11/25 04:56:20 INFO mapreduce.Job:  map 100% reduce 95%
18/11/25 04:56:21 INFO mapreduce.Job:  map 100% reduce 98%
18/11/25 04:56:22 INFO mapreduce.Job:  map 100% reduce 100%
18/11/25 04:56:22 INFO mapreduce.Job: Job job_1543099092534_0028 completed successfully
18/11/25 04:56:23 INFO mapreduce.Job: Counters: 50
	File System Counters
		FILE: Number of bytes read=432965257
		FILE: Number of bytes written=650386441
		FILE: Number of read operations=0
		FILE: Number of large read operations=0
		FILE: Number of write operations=0
		HDFS: Number of bytes read=131430976
		HDFS: Number of bytes written=131430875
		HDFS: Number of read operations=27
		HDFS: Number of large read operations=0
		HDFS: Number of write operations=16
	Job Counters 
		Killed reduce tasks=1
		Launched map tasks=1
		Launched reduce tasks=9
		Data-local map tasks=1
		Total time spent by all maps in occupied slots (ms)=68307
		Total time spent by all reduces in occupied slots (ms)=129395
		Total time spent by all map tasks (ms)=68307
		Total time spent by all reduce tasks (ms)=129395
		Total vcore-seconds taken by all map tasks=68307
		Total vcore-seconds taken by all reduce tasks=129395
		Total megabyte-seconds taken by all map tasks=69946368
		Total megabyte-seconds taken by all reduce tasks=132500480
	Map-Reduce Framework
		Map input records=10000000
		Map output records=10000000
		Map output bytes=196446121
		Map output materialized bytes=216446169
		Input split bytes=101
		Combine input records=0
		Combine output records=0
		Reduce input groups=49
		Reduce shuffle bytes=216446169
		Reduce input records=10000000
		Reduce output records=10000000
		Spilled Records=30000000
		Shuffled Maps =8
		Failed Shuffles=0
		Merged Map outputs=8
		GC time elapsed (ms)=962
		CPU time spent (ms)=89610
		Physical memory (bytes) snapshot=1187409920
		Virtual memory (bytes) snapshot=18738262016
		Total committed heap usage (bytes)=641130496
	Shuffle Errors
		BAD_ID=0
		CONNECTION=0
		IO_ERROR=0
		WRONG_LENGTH=0
		WRONG_MAP=0
		WRONG_REDUCE=0
	File Input Format Counters 
		Bytes Read=131430875
	File Output Format Counters 
		Bytes Written=131430875
